21:49:51.036 [main] org.apache.poi.openxml4j.opc.PackageRelationshipCollection.parseRelationshipsPart(PackageRelationshipCollection.java:307)eveô org.apache.poi.openxml4j.opc.PackageRelationshipCollection - Parsing relationship: /_rels/.rels
21:49:51.065 [main] org.apache.poi.openxml4j.opc.PackageRelationshipCollection.parseRelationshipsPart(PackageRelationshipCollection.java:307)eveô org.apache.poi.openxml4j.opc.PackageRelationshipCollection - Parsing relationship: /xl/_rels/workbook.xml.rels
21:49:51.066 [main] org.apache.poi.openxml4j.opc.PackageRelationshipCollection.parseRelationshipsPart(PackageRelationshipCollection.java:307)eveô org.apache.poi.openxml4j.opc.PackageRelationshipCollection - Parsing relationship: /xl/worksheets/_rels/sheet1.xml.rels
21:49:51.068 [main] org.apache.poi.openxml4j.opc.PackageRelationshipCollection.parseRelationshipsPart(PackageRelationshipCollection.java:307)eveô org.apache.poi.openxml4j.opc.PackageRelationshipCollection - Parsing relationship: /_rels/.rels
21:49:51.090 [main] org.apache.poi.openxml4j.opc.PackageRelationshipCollection.parseRelationshipsPart(PackageRelationshipCollection.java:307)eveô org.apache.poi.openxml4j.opc.PackageRelationshipCollection - Parsing relationship: /xl/_rels/workbook.xml.rels
21:49:51.091 [main] org.apache.poi.openxml4j.opc.PackageRelationshipCollection.parseRelationshipsPart(PackageRelationshipCollection.java:307)eveô org.apache.poi.openxml4j.opc.PackageRelationshipCollection - Parsing relationship: /xl/worksheets/_rels/sheet1.xml.rels
21:49:51.092 [main] org.apache.poi.openxml4j.opc.PackageRelationshipCollection.parseRelationshipsPart(PackageRelationshipCollection.java:307)eveô org.apache.poi.openxml4j.opc.PackageRelationshipCollection - Parsing relationship: /_rels/.rels
21:49:51.121 [main] org.apache.poi.openxml4j.opc.PackageRelationshipCollection.parseRelationshipsPart(PackageRelationshipCollection.java:307)eveô org.apache.poi.openxml4j.opc.PackageRelationshipCollection - Parsing relationship: /xl/_rels/workbook.xml.rels
21:49:51.122 [main] org.apache.poi.openxml4j.opc.PackageRelationshipCollection.parseRelationshipsPart(PackageRelationshipCollection.java:307)eveô org.apache.poi.openxml4j.opc.PackageRelationshipCollection - Parsing relationship: /xl/worksheets/_rels/sheet1.xml.rels
21:49:51.123 [main] org.apache.poi.openxml4j.opc.PackageRelationshipCollection.parseRelationshipsPart(PackageRelationshipCollection.java:307)eveô org.apache.poi.openxml4j.opc.PackageRelationshipCollection - Parsing relationship: /_rels/.rels
21:49:51.143 [main] org.apache.poi.openxml4j.opc.PackageRelationshipCollection.parseRelationshipsPart(PackageRelationshipCollection.java:307)eveô org.apache.poi.openxml4j.opc.PackageRelationshipCollection - Parsing relationship: /xl/_rels/workbook.xml.rels
21:49:51.144 [main] org.apache.poi.openxml4j.opc.PackageRelationshipCollection.parseRelationshipsPart(PackageRelationshipCollection.java:307)eveô org.apache.poi.openxml4j.opc.PackageRelationshipCollection - Parsing relationship: /xl/worksheets/_rels/sheet1.xml.rels
21:49:51.145 [main] org.apache.poi.openxml4j.opc.PackageRelationshipCollection.parseRelationshipsPart(PackageRelationshipCollection.java:307)eveô org.apache.poi.openxml4j.opc.PackageRelationshipCollection - Parsing relationship: /_rels/.rels
21:49:51.164 [main] org.apache.poi.openxml4j.opc.PackageRelationshipCollection.parseRelationshipsPart(PackageRelationshipCollection.java:307)eveô org.apache.poi.openxml4j.opc.PackageRelationshipCollection - Parsing relationship: /xl/_rels/workbook.xml.rels
21:49:51.165 [main] org.apache.poi.openxml4j.opc.PackageRelationshipCollection.parseRelationshipsPart(PackageRelationshipCollection.java:307)eveô org.apache.poi.openxml4j.opc.PackageRelationshipCollection - Parsing relationship: /xl/worksheets/_rels/sheet1.xml.rels
21:49:51.165 [main] org.apache.poi.openxml4j.opc.PackageRelationshipCollection.parseRelationshipsPart(PackageRelationshipCollection.java:307)eveô org.apache.poi.openxml4j.opc.PackageRelationshipCollection - Parsing relationship: /_rels/.rels
21:49:51.182 [main] org.apache.poi.openxml4j.opc.PackageRelationshipCollection.parseRelationshipsPart(PackageRelationshipCollection.java:307)eveô org.apache.poi.openxml4j.opc.PackageRelationshipCollection - Parsing relationship: /xl/_rels/workbook.xml.rels
21:49:51.183 [main] org.apache.poi.openxml4j.opc.PackageRelationshipCollection.parseRelationshipsPart(PackageRelationshipCollection.java:307)eveô org.apache.poi.openxml4j.opc.PackageRelationshipCollection - Parsing relationship: /xl/worksheets/_rels/sheet1.xml.rels
21:49:51.184 [main] org.apache.poi.openxml4j.opc.PackageRelationshipCollection.parseRelationshipsPart(PackageRelationshipCollection.java:307)eveô org.apache.poi.openxml4j.opc.PackageRelationshipCollection - Parsing relationship: /_rels/.rels
21:52:07.611 [main] org.testng.log4testng.Logger.debug(Logger.java:82)eveô org.testng.TestNG - suiteXmlPath: "C:\SeleniumWebdriver\opencart\master.xml"
21:52:07.914 [main] org.testng.log4testng.Logger.info(Logger.java:112)eveô org.testng.internal.Utils - [TestNG] Running:
  C:\SeleniumWebdriver\opencart\master.xml

21:52:12.705 [main] org.apache.poi.openxml4j.opc.PackageRelationshipCollection.parseRelationshipsPart(PackageRelationshipCollection.java:307)eveô org.apache.poi.openxml4j.opc.PackageRelationshipCollection - Parsing relationship: /xl/_rels/workbook.xml.rels
21:52:12.709 [main] org.apache.poi.openxml4j.opc.PackageRelationshipCollection.parseRelationshipsPart(PackageRelationshipCollection.java:307)eveô org.apache.poi.openxml4j.opc.PackageRelationshipCollection - Parsing relationship: /xl/worksheets/_rels/sheet1.xml.rels
21:52:12.711 [main] org.apache.poi.openxml4j.opc.PackageRelationshipCollection.parseRelationshipsPart(PackageRelationshipCollection.java:307)eveô org.apache.poi.openxml4j.opc.PackageRelationshipCollection - Parsing relationship: /_rels/.rels
21:52:13.167 [main] org.apache.poi.openxml4j.opc.PackageRelationshipCollection.parseRelationshipsPart(PackageRelationshipCollection.java:307)eveô org.apache.poi.openxml4j.opc.PackageRelationshipCollection - Parsing relationship: /xl/_rels/workbook.xml.rels
21:52:13.168 [main] org.apache.poi.openxml4j.opc.PackageRelationshipCollection.parseRelationshipsPart(PackageRelationshipCollection.java:307)eveô org.apache.poi.openxml4j.opc.PackageRelationshipCollection - Parsing relationship: /xl/worksheets/_rels/sheet1.xml.rels
21:52:13.170 [main] org.apache.poi.openxml4j.opc.PackageRelationshipCollection.parseRelationshipsPart(PackageRelationshipCollection.java:307)eveô org.apache.poi.openxml4j.opc.PackageRelationshipCollection - Parsing relationship: /_rels/.rels
21:52:13.195 [main] org.apache.poi.openxml4j.opc.PackageRelationshipCollection.parseRelationshipsPart(PackageRelationshipCollection.java:307)eveô org.apache.poi.openxml4j.opc.PackageRelationshipCollection - Parsing relationship: /xl/_rels/workbook.xml.rels
21:52:13.196 [main] org.apache.poi.openxml4j.opc.PackageRelationshipCollection.parseRelationshipsPart(PackageRelationshipCollection.java:307)eveô org.apache.poi.openxml4j.opc.PackageRelationshipCollection - Parsing relationship: /xl/worksheets/_rels/sheet1.xml.rels
21:52:13.198 [main] org.apache.poi.openxml4j.opc.PackageRelationshipCollection.parseRelationshipsPart(PackageRelationshipCollection.java:307)eveô org.apache.poi.openxml4j.opc.PackageRelationshipCollection - Parsing relationship: /_rels/.rels
21:52:13.228 [main] org.apache.poi.openxml4j.opc.PackageRelationshipCollection.parseRelationshipsPart(PackageRelationshipCollection.java:307)eveô org.apache.poi.openxml4j.opc.PackageRelationshipCollection - Parsing relationship: /xl/_rels/workbook.xml.rels
21:52:13.229 [main] org.apache.poi.openxml4j.opc.PackageRelationshipCollection.parseRelationshipsPart(PackageRelationshipCollection.java:307)eveô org.apache.poi.openxml4j.opc.PackageRelationshipCollection - Parsing relationship: /xl/worksheets/_rels/sheet1.xml.rels
21:52:13.230 [main] org.apache.poi.openxml4j.opc.PackageRelationshipCollection.parseRelationshipsPart(PackageRelationshipCollection.java:307)eveô org.apache.poi.openxml4j.opc.PackageRelationshipCollection - Parsing relationship: /_rels/.rels
21:52:13.250 [main] org.apache.poi.openxml4j.opc.PackageRelationshipCollection.parseRelationshipsPart(PackageRelationshipCollection.java:307)eveô org.apache.poi.openxml4j.opc.PackageRelationshipCollection - Parsing relationship: /xl/_rels/workbook.xml.rels
21:52:13.252 [main] org.apache.poi.openxml4j.opc.PackageRelationshipCollection.parseRelationshipsPart(PackageRelationshipCollection.java:307)eveô org.apache.poi.openxml4j.opc.PackageRelationshipCollection - Parsing relationship: /xl/worksheets/_rels/sheet1.xml.rels
21:52:13.253 [main] org.apache.poi.openxml4j.opc.PackageRelationshipCollection.parseRelationshipsPart(PackageRelationshipCollection.java:307)eveô org.apache.poi.openxml4j.opc.PackageRelationshipCollection - Parsing relationship: /_rels/.rels
21:52:13.272 [main] org.apache.poi.openxml4j.opc.PackageRelationshipCollection.parseRelationshipsPart(PackageRelationshipCollection.java:307)eveô org.apache.poi.openxml4j.opc.PackageRelationshipCollection - Parsing relationship: /xl/_rels/workbook.xml.rels
21:52:13.273 [main] org.apache.poi.openxml4j.opc.PackageRelationshipCollection.parseRelationshipsPart(PackageRelationshipCollection.java:307)eveô org.apache.poi.openxml4j.opc.PackageRelationshipCollection - Parsing relationship: /xl/worksheets/_rels/sheet1.xml.rels
21:52:13.274 [main] org.apache.poi.openxml4j.opc.PackageRelationshipCollection.parseRelationshipsPart(PackageRelationshipCollection.java:307)eveô org.apache.poi.openxml4j.opc.PackageRelationshipCollection - Parsing relationship: /_rels/.rels
21:52:13.292 [main] org.apache.poi.openxml4j.opc.PackageRelationshipCollection.parseRelationshipsPart(PackageRelationshipCollection.java:307)eveô org.apache.poi.openxml4j.opc.PackageRelationshipCollection - Parsing relationship: /xl/_rels/workbook.xml.rels
21:52:13.293 [main] org.apache.poi.openxml4j.opc.PackageRelationshipCollection.parseRelationshipsPart(PackageRelationshipCollection.java:307)eveô org.apache.poi.openxml4j.opc.PackageRelationshipCollection - Parsing relationship: /xl/worksheets/_rels/sheet1.xml.rels
21:52:13.294 [main] org.apache.poi.openxml4j.opc.PackageRelationshipCollection.parseRelationshipsPart(PackageRelationshipCollection.java:307)eveô org.apache.poi.openxml4j.opc.PackageRelationshipCollection - Parsing relationship: /_rels/.rels
21:52:13.310 [main] org.apache.poi.openxml4j.opc.PackageRelationshipCollection.parseRelationshipsPart(PackageRelationshipCollection.java:307)eveô org.apache.poi.openxml4j.opc.PackageRelationshipCollection - Parsing relationship: /xl/_rels/workbook.xml.rels
21:52:13.311 [main] org.apache.poi.openxml4j.opc.PackageRelationshipCollection.parseRelationshipsPart(PackageRelationshipCollection.java:307)eveô org.apache.poi.openxml4j.opc.PackageRelationshipCollection - Parsing relationship: /xl/worksheets/_rels/sheet1.xml.rels
21:52:13.312 [main] org.apache.poi.openxml4j.opc.PackageRelationshipCollection.parseRelationshipsPart(PackageRelationshipCollection.java:307)eveô org.apache.poi.openxml4j.opc.PackageRelationshipCollection - Parsing relationship: /_rels/.rels
21:52:13.330 [main] org.apache.poi.openxml4j.opc.PackageRelationshipCollection.parseRelationshipsPart(PackageRelationshipCollection.java:307)eveô org.apache.poi.openxml4j.opc.PackageRelationshipCollection - Parsing relationship: /xl/_rels/workbook.xml.rels
21:52:13.331 [main] org.apache.poi.openxml4j.opc.PackageRelationshipCollection.parseRelationshipsPart(PackageRelationshipCollection.java:307)eveô org.apache.poi.openxml4j.opc.PackageRelationshipCollection - Parsing relationship: /xl/worksheets/_rels/sheet1.xml.rels
21:52:13.332 [main] org.apache.poi.openxml4j.opc.PackageRelationshipCollection.parseRelationshipsPart(PackageRelationshipCollection.java:307)eveô org.apache.poi.openxml4j.opc.PackageRelationshipCollection - Parsing relationship: /_rels/.rels
21:52:13.348 [main] org.apache.poi.openxml4j.opc.PackageRelationshipCollection.parseRelationshipsPart(PackageRelationshipCollection.java:307)eveô org.apache.poi.openxml4j.opc.PackageRelationshipCollection - Parsing relationship: /xl/_rels/workbook.xml.rels
21:52:13.349 [main] org.apache.poi.openxml4j.opc.PackageRelationshipCollection.parseRelationshipsPart(PackageRelationshipCollection.java:307)eveô org.apache.poi.openxml4j.opc.PackageRelationshipCollection - Parsing relationship: /xl/worksheets/_rels/sheet1.xml.rels
21:52:13.350 [main] org.apache.poi.openxml4j.opc.PackageRelationshipCollection.parseRelationshipsPart(PackageRelationshipCollection.java:307)eveô org.apache.poi.openxml4j.opc.PackageRelationshipCollection - Parsing relationship: /_rels/.rels
21:52:13.369 [main] org.apache.poi.openxml4j.opc.PackageRelationshipCollection.parseRelationshipsPart(PackageRelationshipCollection.java:307)eveô org.apache.poi.openxml4j.opc.PackageRelationshipCollection - Parsing relationship: /xl/_rels/workbook.xml.rels
21:52:13.370 [main] org.apache.poi.openxml4j.opc.PackageRelationshipCollection.parseRelationshipsPart(PackageRelationshipCollection.java:307)eveô org.apache.poi.openxml4j.opc.PackageRelationshipCollection - Parsing relationship: /xl/worksheets/_rels/sheet1.xml.rels
21:52:13.371 [main] org.apache.poi.openxml4j.opc.PackageRelationshipCollection.parseRelationshipsPart(PackageRelationshipCollection.java:307)eveô org.apache.poi.openxml4j.opc.PackageRelationshipCollection - Parsing relationship: /_rels/.rels
21:52:13.389 [main] org.apache.poi.openxml4j.opc.PackageRelationshipCollection.parseRelationshipsPart(PackageRelationshipCollection.java:307)eveô org.apache.poi.openxml4j.opc.PackageRelationshipCollection - Parsing relationship: /xl/_rels/workbook.xml.rels
21:52:13.390 [main] org.apache.poi.openxml4j.opc.PackageRelationshipCollection.parseRelationshipsPart(PackageRelationshipCollection.java:307)eveô org.apache.poi.openxml4j.opc.PackageRelationshipCollection - Parsing relationship: /xl/worksheets/_rels/sheet1.xml.rels
21:52:13.391 [main] org.apache.poi.openxml4j.opc.PackageRelationshipCollection.parseRelationshipsPart(PackageRelationshipCollection.java:307)eveô org.apache.poi.openxml4j.opc.PackageRelationshipCollection - Parsing relationship: /_rels/.rels
21:52:13.407 [main] org.apache.poi.openxml4j.opc.PackageRelationshipCollection.parseRelationshipsPart(PackageRelationshipCollection.java:307)eveô org.apache.poi.openxml4j.opc.PackageRelationshipCollection - Parsing relationship: /xl/_rels/workbook.xml.rels
21:52:13.408 [main] org.apache.poi.openxml4j.opc.PackageRelationshipCollection.parseRelationshipsPart(PackageRelationshipCollection.java:307)eveô org.apache.poi.openxml4j.opc.PackageRelationshipCollection - Parsing relationship: /xl/worksheets/_rels/sheet1.xml.rels
21:52:13.409 [main] org.apache.poi.openxml4j.opc.PackageRelationshipCollection.parseRelationshipsPart(PackageRelationshipCollection.java:307)eveô org.apache.poi.openxml4j.opc.PackageRelationshipCollection - Parsing relationship: /_rels/.rels
21:52:13.429 [main] org.apache.poi.openxml4j.opc.PackageRelationshipCollection.parseRelationshipsPart(PackageRelationshipCollection.java:307)eveô org.apache.poi.openxml4j.opc.PackageRelationshipCollection - Parsing relationship: /xl/_rels/workbook.xml.rels
21:52:13.429 [main] org.apache.poi.openxml4j.opc.PackageRelationshipCollection.parseRelationshipsPart(PackageRelationshipCollection.java:307)eveô org.apache.poi.openxml4j.opc.PackageRelationshipCollection - Parsing relationship: /xl/worksheets/_rels/sheet1.xml.rels
21:52:13.430 [main] org.apache.poi.openxml4j.opc.PackageRelationshipCollection.parseRelationshipsPart(PackageRelationshipCollection.java:307)eveô org.apache.poi.openxml4j.opc.PackageRelationshipCollection - Parsing relationship: /_rels/.rels
21:52:13.447 [main] org.apache.poi.openxml4j.opc.PackageRelationshipCollection.parseRelationshipsPart(PackageRelationshipCollection.java:307)eveô org.apache.poi.openxml4j.opc.PackageRelationshipCollection - Parsing relationship: /xl/_rels/workbook.xml.rels
21:52:13.448 [main] org.apache.poi.openxml4j.opc.PackageRelationshipCollection.parseRelationshipsPart(PackageRelationshipCollection.java:307)eveô org.apache.poi.openxml4j.opc.PackageRelationshipCollection - Parsing relationship: /xl/worksheets/_rels/sheet1.xml.rels
21:52:13.449 [main] org.apache.poi.openxml4j.opc.PackageRelationshipCollection.parseRelationshipsPart(PackageRelationshipCollection.java:307)eveô org.apache.poi.openxml4j.opc.PackageRelationshipCollection - Parsing relationship: /_rels/.rels
21:52:13.467 [main] org.apache.poi.openxml4j.opc.PackageRelationshipCollection.parseRelationshipsPart(PackageRelationshipCollection.java:307)eveô org.apache.poi.openxml4j.opc.PackageRelationshipCollection - Parsing relationship: /xl/_rels/workbook.xml.rels
21:52:13.468 [main] org.apache.poi.openxml4j.opc.PackageRelationshipCollection.parseRelationshipsPart(PackageRelationshipCollection.java:307)eveô org.apache.poi.openxml4j.opc.PackageRelationshipCollection - Parsing relationship: /xl/worksheets/_rels/sheet1.xml.rels
21:52:13.469 [main] org.apache.poi.openxml4j.opc.PackageRelationshipCollection.parseRelationshipsPart(PackageRelationshipCollection.java:307)eveô org.apache.poi.openxml4j.opc.PackageRelationshipCollection - Parsing relationship: /_rels/.rels
21:52:13.489 [main] org.apache.poi.openxml4j.opc.PackageRelationshipCollection.parseRelationshipsPart(PackageRelationshipCollection.java:307)eveô org.apache.poi.openxml4j.opc.PackageRelationshipCollection - Parsing relationship: /xl/_rels/workbook.xml.rels
21:52:13.490 [main] org.apache.poi.openxml4j.opc.PackageRelationshipCollection.parseRelationshipsPart(PackageRelationshipCollection.java:307)eveô org.apache.poi.openxml4j.opc.PackageRelationshipCollection - Parsing relationship: /xl/worksheets/_rels/sheet1.xml.rels
21:52:13.491 [main] org.apache.poi.openxml4j.opc.PackageRelationshipCollection.parseRelationshipsPart(PackageRelationshipCollection.java:307)eveô org.apache.poi.openxml4j.opc.PackageRelationshipCollection - Parsing relationship: /_rels/.rels
21:52:13.504 [main] org.apache.poi.openxml4j.opc.PackageRelationshipCollection.parseRelationshipsPart(PackageRelationshipCollection.java:307)eveô org.apache.poi.openxml4j.opc.PackageRelationshipCollection - Parsing relationship: /xl/_rels/workbook.xml.rels
21:52:13.505 [main] org.apache.poi.openxml4j.opc.PackageRelationshipCollection.parseRelationshipsPart(PackageRelationshipCollection.java:307)eveô org.apache.poi.openxml4j.opc.PackageRelationshipCollection - Parsing relationship: /xl/worksheets/_rels/sheet1.xml.rels
21:52:13.506 [main] org.apache.poi.openxml4j.opc.PackageRelationshipCollection.parseRelationshipsPart(PackageRelationshipCollection.java:307)eveô org.apache.poi.openxml4j.opc.PackageRelationshipCollection - Parsing relationship: /_rels/.rels
21:52:13.520 [main] org.apache.poi.openxml4j.opc.PackageRelationshipCollection.parseRelationshipsPart(PackageRelationshipCollection.java:307)eveô org.apache.poi.openxml4j.opc.PackageRelationshipCollection - Parsing relationship: /xl/_rels/workbook.xml.rels
21:52:13.521 [main] org.apache.poi.openxml4j.opc.PackageRelationshipCollection.parseRelationshipsPart(PackageRelationshipCollection.java:307)eveô org.apache.poi.openxml4j.opc.PackageRelationshipCollection - Parsing relationship: /xl/worksheets/_rels/sheet1.xml.rels
21:52:13.522 [main] org.apache.poi.openxml4j.opc.PackageRelationshipCollection.parseRelationshipsPart(PackageRelationshipCollection.java:307)eveô org.apache.poi.openxml4j.opc.PackageRelationshipCollection - Parsing relationship: /_rels/.rels
21:52:13.534 [main] org.apache.poi.openxml4j.opc.PackageRelationshipCollection.parseRelationshipsPart(PackageRelationshipCollection.java:307)eveô org.apache.poi.openxml4j.opc.PackageRelationshipCollection - Parsing relationship: /xl/_rels/workbook.xml.rels
21:52:13.535 [main] org.apache.poi.openxml4j.opc.PackageRelationshipCollection.parseRelationshipsPart(PackageRelationshipCollection.java:307)eveô org.apache.poi.openxml4j.opc.PackageRelationshipCollection - Parsing relationship: /xl/worksheets/_rels/sheet1.xml.rels
21:52:13.535 [main] org.apache.poi.openxml4j.opc.PackageRelationshipCollection.parseRelationshipsPart(PackageRelationshipCollection.java:307)eveô org.apache.poi.openxml4j.opc.PackageRelationshipCollection - Parsing relationship: /_rels/.rels
21:52:13.561 [main] testCases.TC003_LoginDDT.verify_loginDDT(TC003_LoginDDT.java:17)eveô testCases.TC003_LoginDDT - ***** Starting TC003_LoginDDT. *****
21:52:13.681 [main] testCases.TC003_LoginDDT.verify_loginDDT(TC003_LoginDDT.java:24)eveô testCases.TC003_LoginDDT - Clicked on MyAccount Link.
21:52:14.150 [main] testCases.TC003_LoginDDT.verify_loginDDT(TC003_LoginDDT.java:27)eveô testCases.TC003_LoginDDT - Clicked on Login Link.
21:52:14.151 [main] testCases.TC003_LoginDDT.verify_loginDDT(TC003_LoginDDT.java:32)eveô testCases.TC003_LoginDDT - Filling in login credentials....
21:52:14.466 [main] testCases.TC003_LoginDDT.verify_loginDDT(TC003_LoginDDT.java:38)eveô testCases.TC003_LoginDDT - Validating expected message...
21:52:16.043 [main] testCases.TC003_LoginDDT.verify_loginDDT(TC003_LoginDDT.java:74)eveô testCases.TC003_LoginDDT - *****  Finished TC003_LoginDDT. *****
21:52:16.064 [main] testCases.TC003_LoginDDT.verify_loginDDT(TC003_LoginDDT.java:17)eveô testCases.TC003_LoginDDT - ***** Starting TC003_LoginDDT. *****
21:52:16.134 [main] testCases.TC003_LoginDDT.verify_loginDDT(TC003_LoginDDT.java:24)eveô testCases.TC003_LoginDDT - Clicked on MyAccount Link.
21:52:16.522 [main] testCases.TC003_LoginDDT.verify_loginDDT(TC003_LoginDDT.java:27)eveô testCases.TC003_LoginDDT - Clicked on Login Link.
21:52:16.522 [main] testCases.TC003_LoginDDT.verify_loginDDT(TC003_LoginDDT.java:32)eveô testCases.TC003_LoginDDT - Filling in login credentials....
21:52:16.767 [main] testCases.TC003_LoginDDT.verify_loginDDT(TC003_LoginDDT.java:38)eveô testCases.TC003_LoginDDT - Validating expected message...
21:52:26.818 [main] testCases.TC003_LoginDDT.verify_loginDDT(TC003_LoginDDT.java:74)eveô testCases.TC003_LoginDDT - *****  Finished TC003_LoginDDT. *****
21:52:26.821 [main] testCases.TC003_LoginDDT.verify_loginDDT(TC003_LoginDDT.java:17)eveô testCases.TC003_LoginDDT - ***** Starting TC003_LoginDDT. *****
21:52:26.884 [main] testCases.TC003_LoginDDT.verify_loginDDT(TC003_LoginDDT.java:24)eveô testCases.TC003_LoginDDT - Clicked on MyAccount Link.
21:52:27.648 [main] testCases.TC003_LoginDDT.verify_loginDDT(TC003_LoginDDT.java:27)eveô testCases.TC003_LoginDDT - Clicked on Login Link.
21:52:27.648 [main] testCases.TC003_LoginDDT.verify_loginDDT(TC003_LoginDDT.java:32)eveô testCases.TC003_LoginDDT - Filling in login credentials....
21:52:27.868 [main] testCases.TC003_LoginDDT.verify_loginDDT(TC003_LoginDDT.java:38)eveô testCases.TC003_LoginDDT - Validating expected message...
21:52:37.945 [main] testCases.TC003_LoginDDT.verify_loginDDT(TC003_LoginDDT.java:74)eveô testCases.TC003_LoginDDT - *****  Finished TC003_LoginDDT. *****
21:52:37.950 [main] testCases.TC003_LoginDDT.verify_loginDDT(TC003_LoginDDT.java:17)eveô testCases.TC003_LoginDDT - ***** Starting TC003_LoginDDT. *****
21:52:38.012 [main] testCases.TC003_LoginDDT.verify_loginDDT(TC003_LoginDDT.java:24)eveô testCases.TC003_LoginDDT - Clicked on MyAccount Link.
21:52:38.725 [main] testCases.TC003_LoginDDT.verify_loginDDT(TC003_LoginDDT.java:27)eveô testCases.TC003_LoginDDT - Clicked on Login Link.
21:52:38.726 [main] testCases.TC003_LoginDDT.verify_loginDDT(TC003_LoginDDT.java:32)eveô testCases.TC003_LoginDDT - Filling in login credentials....
21:52:38.935 [main] testCases.TC003_LoginDDT.verify_loginDDT(TC003_LoginDDT.java:38)eveô testCases.TC003_LoginDDT - Validating expected message...
21:52:48.995 [main] testCases.TC003_LoginDDT.verify_loginDDT(TC003_LoginDDT.java:74)eveô testCases.TC003_LoginDDT - *****  Finished TC003_LoginDDT. *****
21:52:49.000 [main] testCases.TC003_LoginDDT.verify_loginDDT(TC003_LoginDDT.java:17)eveô testCases.TC003_LoginDDT - ***** Starting TC003_LoginDDT. *****
21:52:49.058 [main] testCases.TC003_LoginDDT.verify_loginDDT(TC003_LoginDDT.java:24)eveô testCases.TC003_LoginDDT - Clicked on MyAccount Link.
21:52:49.757 [main] testCases.TC003_LoginDDT.verify_loginDDT(TC003_LoginDDT.java:27)eveô testCases.TC003_LoginDDT - Clicked on Login Link.
21:52:49.757 [main] testCases.TC003_LoginDDT.verify_loginDDT(TC003_LoginDDT.java:32)eveô testCases.TC003_LoginDDT - Filling in login credentials....
21:52:49.945 [main] testCases.TC003_LoginDDT.verify_loginDDT(TC003_LoginDDT.java:38)eveô testCases.TC003_LoginDDT - Validating expected message...
21:52:59.971 [main] testCases.TC003_LoginDDT.verify_loginDDT(TC003_LoginDDT.java:74)eveô testCases.TC003_LoginDDT - *****  Finished TC003_LoginDDT. *****
21:52:59.976 [main] testCases.TC003_LoginDDT.verify_loginDDT(TC003_LoginDDT.java:17)eveô testCases.TC003_LoginDDT - ***** Starting TC003_LoginDDT. *****
21:53:00.038 [main] testCases.TC003_LoginDDT.verify_loginDDT(TC003_LoginDDT.java:24)eveô testCases.TC003_LoginDDT - Clicked on MyAccount Link.
21:53:00.729 [main] testCases.TC003_LoginDDT.verify_loginDDT(TC003_LoginDDT.java:27)eveô testCases.TC003_LoginDDT - Clicked on Login Link.
21:53:00.729 [main] testCases.TC003_LoginDDT.verify_loginDDT(TC003_LoginDDT.java:32)eveô testCases.TC003_LoginDDT - Filling in login credentials....
21:53:00.934 [main] testCases.TC003_LoginDDT.verify_loginDDT(TC003_LoginDDT.java:38)eveô testCases.TC003_LoginDDT - Validating expected message...
21:53:11.465 [main] testCases.TC003_LoginDDT.verify_loginDDT(TC003_LoginDDT.java:74)eveô testCases.TC003_LoginDDT - *****  Finished TC003_LoginDDT. *****
21:54:56.232 [main] org.testng.log4testng.Logger.debug(Logger.java:82)eveô org.testng.TestNG - suiteXmlPath: "C:\SeleniumWebdriver\opencart\master.xml"
21:54:56.590 [main] org.testng.log4testng.Logger.info(Logger.java:112)eveô org.testng.internal.Utils - [TestNG] Running:
  C:\SeleniumWebdriver\opencart\master.xml

21:55:00.826 [main] testCases.TC001_AccountRegistrationTest.verify_account_registration(TC001_AccountRegistrationTest.java:15)eveô testCases.TC001_AccountRegistrationTest - ***** Starting TC001_AccountRegistrationTest. *****
21:55:01.016 [main] testCases.TC001_AccountRegistrationTest.verify_account_registration(TC001_AccountRegistrationTest.java:21)eveô testCases.TC001_AccountRegistrationTest - Clicked on MyAccount Link.
21:55:02.040 [main] testCases.TC001_AccountRegistrationTest.verify_account_registration(TC001_AccountRegistrationTest.java:24)eveô testCases.TC001_AccountRegistrationTest - Clicked on Register Link.
21:55:02.043 [main] testCases.TC001_AccountRegistrationTest.verify_account_registration(TC001_AccountRegistrationTest.java:28)eveô testCases.TC001_AccountRegistrationTest - Providing customer's details...
21:55:06.919 [main] testCases.TC001_AccountRegistrationTest.verify_account_registration(TC001_AccountRegistrationTest.java:42)eveô testCases.TC001_AccountRegistrationTest - Validating expected message...
21:55:06.981 [main] testCases.TC001_AccountRegistrationTest.verify_account_registration(TC001_AccountRegistrationTest.java:71)eveô testCases.TC001_AccountRegistrationTest - ***** Finished TC001_AccountRegistrationTest
21:55:10.092 [main] testCases.TC002_LoginTest.verify_login(TC002_LoginTest.java:16)eveô testCases.TC002_LoginTest - ***** Starting TC002_LoginTest. *****
21:55:10.292 [main] testCases.TC002_LoginTest.verify_login(TC002_LoginTest.java:22)eveô testCases.TC002_LoginTest - Clicked on MyAccount Link.
21:55:10.749 [main] testCases.TC002_LoginTest.verify_login(TC002_LoginTest.java:25)eveô testCases.TC002_LoginTest - Clicked on Login Link.
21:55:10.751 [main] testCases.TC002_LoginTest.verify_login(TC002_LoginTest.java:30)eveô testCases.TC002_LoginTest - Filling in login credentials....
21:55:11.082 [main] testCases.TC002_LoginTest.verify_login(TC002_LoginTest.java:36)eveô testCases.TC002_LoginTest - Validating expected message...
21:55:12.097 [main] testCases.TC002_LoginTest.verify_login(TC002_LoginTest.java:47)eveô testCases.TC002_LoginTest - *****  Finished TC002_LoginTest. *****
21:56:45.051 [main] org.testng.log4testng.Logger.debug(Logger.java:82)eveô org.testng.TestNG - suiteXmlPath: "C:\SeleniumWebdriver\opencart\crossBrowserTesting.xml"
21:57:18.812 [main] org.testng.log4testng.Logger.debug(Logger.java:82)eveô org.testng.TestNG - suiteXmlPath: "C:\SeleniumWebdriver\opencart\crossBrowserTesting.xml"
21:57:19.137 [main] org.testng.log4testng.Logger.info(Logger.java:112)eveô org.testng.internal.Utils - [TestNG] Running:
  C:\SeleniumWebdriver\opencart\crossBrowserTesting.xml

21:57:19.427 [TestNG-tests-3] testCases.TC001_AccountRegistrationTest.verify_account_registration(TC001_AccountRegistrationTest.java:15)eveô testCases.TC001_AccountRegistrationTest - ***** Starting TC001_AccountRegistrationTest. *****
21:57:24.287 [TestNG-tests-2] testCases.TC001_AccountRegistrationTest.verify_account_registration(TC001_AccountRegistrationTest.java:15)eveô testCases.TC001_AccountRegistrationTest - ***** Starting TC001_AccountRegistrationTest. *****
21:57:24.449 [TestNG-tests-2] testCases.TC001_AccountRegistrationTest.verify_account_registration(TC001_AccountRegistrationTest.java:21)eveô testCases.TC001_AccountRegistrationTest - Clicked on MyAccount Link.
21:57:25.081 [TestNG-tests-2] testCases.TC001_AccountRegistrationTest.verify_account_registration(TC001_AccountRegistrationTest.java:24)eveô testCases.TC001_AccountRegistrationTest - Clicked on Register Link.
21:57:25.082 [TestNG-tests-2] testCases.TC001_AccountRegistrationTest.verify_account_registration(TC001_AccountRegistrationTest.java:28)eveô testCases.TC001_AccountRegistrationTest - Providing customer's details...
21:57:26.704 [TestNG-tests-2] testCases.TC001_AccountRegistrationTest.verify_account_registration(TC001_AccountRegistrationTest.java:42)eveô testCases.TC001_AccountRegistrationTest - Validating expected message...
21:57:26.758 [TestNG-tests-2] testCases.TC001_AccountRegistrationTest.verify_account_registration(TC001_AccountRegistrationTest.java:71)eveô testCases.TC001_AccountRegistrationTest - ***** Finished TC001_AccountRegistrationTest
12:17:42.909 [main] org.testng.log4testng.Logger.debug(Logger.java:82)eveô org.testng.TestNG - suiteXmlPath: "C:\SeleniumWebdriver\opencart\grid-docker.xml"
12:18:04.085 [main] org.testng.log4testng.Logger.debug(Logger.java:82)eveô org.testng.TestNG - suiteXmlPath: "C:\SeleniumWebdriver\opencart\grid-docker.xml"
12:18:04.489 [main] org.testng.log4testng.Logger.info(Logger.java:112)eveô org.testng.internal.Utils - [TestNG] Running:
  C:\SeleniumWebdriver\opencart\grid-docker.xml

12:18:09.212 [main] testCases.TC001_AccountRegistrationTest.verify_account_registration(TC001_AccountRegistrationTest.java:15)eveô testCases.TC001_AccountRegistrationTest - ***** Starting TC001_AccountRegistrationTest. *****
12:18:09.469 [main] testCases.TC001_AccountRegistrationTest.verify_account_registration(TC001_AccountRegistrationTest.java:21)eveô testCases.TC001_AccountRegistrationTest - Clicked on MyAccount Link.
12:18:10.206 [main] testCases.TC001_AccountRegistrationTest.verify_account_registration(TC001_AccountRegistrationTest.java:24)eveô testCases.TC001_AccountRegistrationTest - Clicked on Register Link.
12:18:10.209 [main] testCases.TC001_AccountRegistrationTest.verify_account_registration(TC001_AccountRegistrationTest.java:28)eveô testCases.TC001_AccountRegistrationTest - Providing customer's details...
12:18:11.813 [main] testCases.TC001_AccountRegistrationTest.verify_account_registration(TC001_AccountRegistrationTest.java:42)eveô testCases.TC001_AccountRegistrationTest - Validating expected message...
12:18:11.862 [main] testCases.TC001_AccountRegistrationTest.verify_account_registration(TC001_AccountRegistrationTest.java:71)eveô testCases.TC001_AccountRegistrationTest - ***** Finished TC001_AccountRegistrationTest
12:18:15.237 [main] testCases.TC002_LoginTest.verify_login(TC002_LoginTest.java:16)eveô testCases.TC002_LoginTest - ***** Starting TC002_LoginTest. *****
12:18:15.390 [main] testCases.TC002_LoginTest.verify_login(TC002_LoginTest.java:22)eveô testCases.TC002_LoginTest - Clicked on MyAccount Link.
12:18:15.838 [main] testCases.TC002_LoginTest.verify_login(TC002_LoginTest.java:25)eveô testCases.TC002_LoginTest - Clicked on Login Link.
12:18:15.843 [main] testCases.TC002_LoginTest.verify_login(TC002_LoginTest.java:30)eveô testCases.TC002_LoginTest - Filling in login credentials....
12:18:16.320 [main] testCases.TC002_LoginTest.verify_login(TC002_LoginTest.java:36)eveô testCases.TC002_LoginTest - Validating expected message...
12:18:17.257 [main] testCases.TC002_LoginTest.verify_login(TC002_LoginTest.java:47)eveô testCases.TC002_LoginTest - *****  Finished TC002_LoginTest. *****
12:18:38.842 [main] org.testng.log4testng.Logger.debug(Logger.java:82)eveô org.testng.TestNG - suiteXmlPath: "C:\SeleniumWebdriver\opencart\grid-docker.xml"
12:18:39.223 [main] org.testng.log4testng.Logger.info(Logger.java:112)eveô org.testng.internal.Utils - [TestNG] Running:
  C:\SeleniumWebdriver\opencart\grid-docker.xml

12:18:43.150 [main] testCases.TC001_AccountRegistrationTest.verify_account_registration(TC001_AccountRegistrationTest.java:15)eveô testCases.TC001_AccountRegistrationTest - ***** Starting TC001_AccountRegistrationTest. *****
12:18:43.343 [main] testCases.TC001_AccountRegistrationTest.verify_account_registration(TC001_AccountRegistrationTest.java:21)eveô testCases.TC001_AccountRegistrationTest - Clicked on MyAccount Link.
12:18:44.068 [main] testCases.TC001_AccountRegistrationTest.verify_account_registration(TC001_AccountRegistrationTest.java:24)eveô testCases.TC001_AccountRegistrationTest - Clicked on Register Link.
12:18:44.072 [main] testCases.TC001_AccountRegistrationTest.verify_account_registration(TC001_AccountRegistrationTest.java:28)eveô testCases.TC001_AccountRegistrationTest - Providing customer's details...
12:18:44.868 [main] testCases.TC001_AccountRegistrationTest.verify_account_registration(TC001_AccountRegistrationTest.java:42)eveô testCases.TC001_AccountRegistrationTest - Validating expected message...
12:18:45.881 [main] testCases.TC001_AccountRegistrationTest.verify_account_registration(TC001_AccountRegistrationTest.java:71)eveô testCases.TC001_AccountRegistrationTest - ***** Finished TC001_AccountRegistrationTest
12:18:49.079 [main] testCases.TC002_LoginTest.verify_login(TC002_LoginTest.java:16)eveô testCases.TC002_LoginTest - ***** Starting TC002_LoginTest. *****
12:18:49.282 [main] testCases.TC002_LoginTest.verify_login(TC002_LoginTest.java:22)eveô testCases.TC002_LoginTest - Clicked on MyAccount Link.
12:18:49.794 [main] testCases.TC002_LoginTest.verify_login(TC002_LoginTest.java:25)eveô testCases.TC002_LoginTest - Clicked on Login Link.
12:18:49.796 [main] testCases.TC002_LoginTest.verify_login(TC002_LoginTest.java:30)eveô testCases.TC002_LoginTest - Filling in login credentials....
12:18:51.062 [main] testCases.TC002_LoginTest.verify_login(TC002_LoginTest.java:36)eveô testCases.TC002_LoginTest - Validating expected message...
12:18:51.146 [main] testCases.TC002_LoginTest.verify_login(TC002_LoginTest.java:47)eveô testCases.TC002_LoginTest - *****  Finished TC002_LoginTest. *****
12:21:30.559 [main] org.testng.log4testng.Logger.debug(Logger.java:82)eveô org.testng.TestNG - suiteXmlPath: "C:\SeleniumWebdriver\opencart\grid-docker.xml"
12:21:30.988 [main] org.testng.log4testng.Logger.info(Logger.java:112)eveô org.testng.internal.Utils - [TestNG] Running:
  C:\SeleniumWebdriver\opencart\grid-docker.xml

12:21:35.507 [main] testCases.TC001_AccountRegistrationTest.verify_account_registration(TC001_AccountRegistrationTest.java:15)eveô testCases.TC001_AccountRegistrationTest - ***** Starting TC001_AccountRegistrationTest. *****
12:21:35.679 [main] testCases.TC001_AccountRegistrationTest.verify_account_registration(TC001_AccountRegistrationTest.java:21)eveô testCases.TC001_AccountRegistrationTest - Clicked on MyAccount Link.
12:21:36.376 [main] testCases.TC001_AccountRegistrationTest.verify_account_registration(TC001_AccountRegistrationTest.java:24)eveô testCases.TC001_AccountRegistrationTest - Clicked on Register Link.
12:21:36.378 [main] testCases.TC001_AccountRegistrationTest.verify_account_registration(TC001_AccountRegistrationTest.java:28)eveô testCases.TC001_AccountRegistrationTest - Providing customer's details...
12:21:38.282 [main] testCases.TC001_AccountRegistrationTest.verify_account_registration(TC001_AccountRegistrationTest.java:42)eveô testCases.TC001_AccountRegistrationTest - Validating expected message...
12:21:38.345 [main] testCases.TC001_AccountRegistrationTest.verify_account_registration(TC001_AccountRegistrationTest.java:71)eveô testCases.TC001_AccountRegistrationTest - ***** Finished TC001_AccountRegistrationTest
12:21:41.367 [main] testCases.TC002_LoginTest.verify_login(TC002_LoginTest.java:16)eveô testCases.TC002_LoginTest - ***** Starting TC002_LoginTest. *****
12:21:41.498 [main] testCases.TC002_LoginTest.verify_login(TC002_LoginTest.java:22)eveô testCases.TC002_LoginTest - Clicked on MyAccount Link.
12:21:41.970 [main] testCases.TC002_LoginTest.verify_login(TC002_LoginTest.java:25)eveô testCases.TC002_LoginTest - Clicked on Login Link.
12:21:41.971 [main] testCases.TC002_LoginTest.verify_login(TC002_LoginTest.java:30)eveô testCases.TC002_LoginTest - Filling in login credentials....
12:21:42.344 [main] testCases.TC002_LoginTest.verify_login(TC002_LoginTest.java:36)eveô testCases.TC002_LoginTest - Validating expected message...
12:21:43.287 [main] testCases.TC002_LoginTest.verify_login(TC002_LoginTest.java:47)eveô testCases.TC002_LoginTest - *****  Finished TC002_LoginTest. *****
12:23:07.405 [main] org.testng.log4testng.Logger.debug(Logger.java:82)eveô org.testng.TestNG - suiteXmlPath: "C:\SeleniumWebdriver\opencart\grid-docker.xml"
12:23:28.775 [main] org.testng.log4testng.Logger.debug(Logger.java:82)eveô org.testng.TestNG - suiteXmlPath: "C:\SeleniumWebdriver\opencart\grid-docker.xml"
12:23:29.163 [main] org.testng.log4testng.Logger.info(Logger.java:112)eveô org.testng.internal.Utils - [TestNG] Running:
  C:\SeleniumWebdriver\opencart\grid-docker.xml

12:23:35.530 [main] testCases.TC001_AccountRegistrationTest.verify_account_registration(TC001_AccountRegistrationTest.java:15)eveô testCases.TC001_AccountRegistrationTest - ***** Starting TC001_AccountRegistrationTest. *****
12:23:35.871 [main] testCases.TC001_AccountRegistrationTest.verify_account_registration(TC001_AccountRegistrationTest.java:21)eveô testCases.TC001_AccountRegistrationTest - Clicked on MyAccount Link.
12:23:36.493 [main] testCases.TC001_AccountRegistrationTest.verify_account_registration(TC001_AccountRegistrationTest.java:24)eveô testCases.TC001_AccountRegistrationTest - Clicked on Register Link.
12:23:36.495 [main] testCases.TC001_AccountRegistrationTest.verify_account_registration(TC001_AccountRegistrationTest.java:28)eveô testCases.TC001_AccountRegistrationTest - Providing customer's details...
12:23:38.173 [main] testCases.TC001_AccountRegistrationTest.verify_account_registration(TC001_AccountRegistrationTest.java:42)eveô testCases.TC001_AccountRegistrationTest - Validating expected message...
12:23:38.208 [main] testCases.TC001_AccountRegistrationTest.verify_account_registration(TC001_AccountRegistrationTest.java:71)eveô testCases.TC001_AccountRegistrationTest - ***** Finished TC001_AccountRegistrationTest
12:23:43.916 [main] testCases.TC002_LoginTest.verify_login(TC002_LoginTest.java:16)eveô testCases.TC002_LoginTest - ***** Starting TC002_LoginTest. *****
12:23:44.203 [main] testCases.TC002_LoginTest.verify_login(TC002_LoginTest.java:22)eveô testCases.TC002_LoginTest - Clicked on MyAccount Link.
12:23:44.580 [main] testCases.TC002_LoginTest.verify_login(TC002_LoginTest.java:25)eveô testCases.TC002_LoginTest - Clicked on Login Link.
12:23:44.583 [main] testCases.TC002_LoginTest.verify_login(TC002_LoginTest.java:30)eveô testCases.TC002_LoginTest - Filling in login credentials....
12:23:45.656 [main] testCases.TC002_LoginTest.verify_login(TC002_LoginTest.java:36)eveô testCases.TC002_LoginTest - Validating expected message...
12:23:45.704 [main] testCases.TC002_LoginTest.verify_login(TC002_LoginTest.java:47)eveô testCases.TC002_LoginTest - *****  Finished TC002_LoginTest. *****
12:25:13.110 [main] org.testng.log4testng.Logger.debug(Logger.java:82)eveô org.testng.TestNG - suiteXmlPath: "C:\SeleniumWebdriver\opencart\grid-docker.xml"
12:25:13.551 [main] org.testng.log4testng.Logger.info(Logger.java:112)eveô org.testng.internal.Utils - [TestNG] Running:
  C:\SeleniumWebdriver\opencart\grid-docker.xml

12:25:17.808 [main] testCases.TC001_AccountRegistrationTest.verify_account_registration(TC001_AccountRegistrationTest.java:15)eveô testCases.TC001_AccountRegistrationTest - ***** Starting TC001_AccountRegistrationTest. *****
12:25:17.975 [main] testCases.TC001_AccountRegistrationTest.verify_account_registration(TC001_AccountRegistrationTest.java:21)eveô testCases.TC001_AccountRegistrationTest - Clicked on MyAccount Link.
12:25:18.611 [main] testCases.TC001_AccountRegistrationTest.verify_account_registration(TC001_AccountRegistrationTest.java:24)eveô testCases.TC001_AccountRegistrationTest - Clicked on Register Link.
12:25:18.614 [main] testCases.TC001_AccountRegistrationTest.verify_account_registration(TC001_AccountRegistrationTest.java:28)eveô testCases.TC001_AccountRegistrationTest - Providing customer's details...
12:25:20.562 [main] testCases.TC001_AccountRegistrationTest.verify_account_registration(TC001_AccountRegistrationTest.java:42)eveô testCases.TC001_AccountRegistrationTest - Validating expected message...
12:25:20.621 [main] testCases.TC001_AccountRegistrationTest.verify_account_registration(TC001_AccountRegistrationTest.java:71)eveô testCases.TC001_AccountRegistrationTest - ***** Finished TC001_AccountRegistrationTest
12:25:23.185 [main] testCases.TC002_LoginTest.verify_login(TC002_LoginTest.java:16)eveô testCases.TC002_LoginTest - ***** Starting TC002_LoginTest. *****
12:25:23.343 [main] testCases.TC002_LoginTest.verify_login(TC002_LoginTest.java:22)eveô testCases.TC002_LoginTest - Clicked on MyAccount Link.
12:25:23.847 [main] testCases.TC002_LoginTest.verify_login(TC002_LoginTest.java:25)eveô testCases.TC002_LoginTest - Clicked on Login Link.
12:25:23.848 [main] testCases.TC002_LoginTest.verify_login(TC002_LoginTest.java:30)eveô testCases.TC002_LoginTest - Filling in login credentials....
12:25:24.246 [main] testCases.TC002_LoginTest.verify_login(TC002_LoginTest.java:36)eveô testCases.TC002_LoginTest - Validating expected message...
12:25:25.165 [main] testCases.TC002_LoginTest.verify_login(TC002_LoginTest.java:47)eveô testCases.TC002_LoginTest - *****  Finished TC002_LoginTest. *****
12:25:32.679 [main] testCases.TC001_AccountRegistrationTest.verify_account_registration(TC001_AccountRegistrationTest.java:15)eveô testCases.TC001_AccountRegistrationTest - ***** Starting TC001_AccountRegistrationTest. *****
12:25:32.988 [main] testCases.TC001_AccountRegistrationTest.verify_account_registration(TC001_AccountRegistrationTest.java:21)eveô testCases.TC001_AccountRegistrationTest - Clicked on MyAccount Link.
12:25:33.812 [main] testCases.TC001_AccountRegistrationTest.verify_account_registration(TC001_AccountRegistrationTest.java:24)eveô testCases.TC001_AccountRegistrationTest - Clicked on Register Link.
12:25:33.812 [main] testCases.TC001_AccountRegistrationTest.verify_account_registration(TC001_AccountRegistrationTest.java:28)eveô testCases.TC001_AccountRegistrationTest - Providing customer's details...
12:25:35.352 [main] testCases.TC001_AccountRegistrationTest.verify_account_registration(TC001_AccountRegistrationTest.java:42)eveô testCases.TC001_AccountRegistrationTest - Validating expected message...
12:25:35.382 [main] testCases.TC001_AccountRegistrationTest.verify_account_registration(TC001_AccountRegistrationTest.java:71)eveô testCases.TC001_AccountRegistrationTest - ***** Finished TC001_AccountRegistrationTest
12:25:41.018 [main] testCases.TC002_LoginTest.verify_login(TC002_LoginTest.java:16)eveô testCases.TC002_LoginTest - ***** Starting TC002_LoginTest. *****
12:25:41.318 [main] testCases.TC002_LoginTest.verify_login(TC002_LoginTest.java:22)eveô testCases.TC002_LoginTest - Clicked on MyAccount Link.
12:25:41.708 [main] testCases.TC002_LoginTest.verify_login(TC002_LoginTest.java:25)eveô testCases.TC002_LoginTest - Clicked on Login Link.
12:25:41.709 [main] testCases.TC002_LoginTest.verify_login(TC002_LoginTest.java:30)eveô testCases.TC002_LoginTest - Filling in login credentials....
12:25:42.729 [main] testCases.TC002_LoginTest.verify_login(TC002_LoginTest.java:36)eveô testCases.TC002_LoginTest - Validating expected message...
12:25:42.792 [main] testCases.TC002_LoginTest.verify_login(TC002_LoginTest.java:47)eveô testCases.TC002_LoginTest - *****  Finished TC002_LoginTest. *****
12:32:36.906 [main] org.testng.log4testng.Logger.debug(Logger.java:82)eveô org.testng.TestNG - suiteXmlPath: "C:\SeleniumWebdriver\opencart\grid-docker.xml"
12:32:37.296 [main] org.testng.log4testng.Logger.info(Logger.java:112)eveô org.testng.internal.Utils - [TestNG] Running:
  C:\SeleniumWebdriver\opencart\grid-docker.xml

12:55:36.310 [main] org.testng.log4testng.Logger.debug(Logger.java:82)eveô org.testng.TestNG - suiteXmlPath: "C:\SeleniumWebdriver\opencart\grid-docker.xml"
12:55:36.708 [main] org.testng.log4testng.Logger.info(Logger.java:112)eveô org.testng.internal.Utils - [TestNG] Running:
  C:\SeleniumWebdriver\opencart\grid-docker.xml

12:55:42.210 [main] testCases.TC001_AccountRegistrationTest.verify_account_registration(TC001_AccountRegistrationTest.java:15)eveô testCases.TC001_AccountRegistrationTest - ***** Starting TC001_AccountRegistrationTest. *****
12:55:42.413 [main] testCases.TC001_AccountRegistrationTest.verify_account_registration(TC001_AccountRegistrationTest.java:21)eveô testCases.TC001_AccountRegistrationTest - Clicked on MyAccount Link.
12:55:43.299 [main] testCases.TC001_AccountRegistrationTest.verify_account_registration(TC001_AccountRegistrationTest.java:24)eveô testCases.TC001_AccountRegistrationTest - Clicked on Register Link.
12:55:43.301 [main] testCases.TC001_AccountRegistrationTest.verify_account_registration(TC001_AccountRegistrationTest.java:28)eveô testCases.TC001_AccountRegistrationTest - Providing customer's details...
12:55:45.271 [main] testCases.TC001_AccountRegistrationTest.verify_account_registration(TC001_AccountRegistrationTest.java:42)eveô testCases.TC001_AccountRegistrationTest - Validating expected message...
12:55:45.334 [main] testCases.TC001_AccountRegistrationTest.verify_account_registration(TC001_AccountRegistrationTest.java:71)eveô testCases.TC001_AccountRegistrationTest - ***** Finished TC001_AccountRegistrationTest
12:55:52.916 [main] testCases.TC002_LoginTest.verify_login(TC002_LoginTest.java:16)eveô testCases.TC002_LoginTest - ***** Starting TC002_LoginTest. *****
12:55:53.058 [main] testCases.TC002_LoginTest.verify_login(TC002_LoginTest.java:22)eveô testCases.TC002_LoginTest - Clicked on MyAccount Link.
12:55:54.110 [main] testCases.TC002_LoginTest.verify_login(TC002_LoginTest.java:25)eveô testCases.TC002_LoginTest - Clicked on Login Link.
12:55:54.113 [main] testCases.TC002_LoginTest.verify_login(TC002_LoginTest.java:30)eveô testCases.TC002_LoginTest - Filling in login credentials....
12:55:54.542 [main] testCases.TC002_LoginTest.verify_login(TC002_LoginTest.java:36)eveô testCases.TC002_LoginTest - Validating expected message...
12:55:55.617 [main] testCases.TC002_LoginTest.verify_login(TC002_LoginTest.java:47)eveô testCases.TC002_LoginTest - *****  Finished TC002_LoginTest. *****
12:56:03.841 [main] testCases.TC001_AccountRegistrationTest.verify_account_registration(TC001_AccountRegistrationTest.java:15)eveô testCases.TC001_AccountRegistrationTest - ***** Starting TC001_AccountRegistrationTest. *****
12:56:04.137 [main] testCases.TC001_AccountRegistrationTest.verify_account_registration(TC001_AccountRegistrationTest.java:21)eveô testCases.TC001_AccountRegistrationTest - Clicked on MyAccount Link.
12:56:04.990 [main] testCases.TC001_AccountRegistrationTest.verify_account_registration(TC001_AccountRegistrationTest.java:24)eveô testCases.TC001_AccountRegistrationTest - Clicked on Register Link.
12:56:04.991 [main] testCases.TC001_AccountRegistrationTest.verify_account_registration(TC001_AccountRegistrationTest.java:28)eveô testCases.TC001_AccountRegistrationTest - Providing customer's details...
12:56:06.636 [main] testCases.TC001_AccountRegistrationTest.verify_account_registration(TC001_AccountRegistrationTest.java:42)eveô testCases.TC001_AccountRegistrationTest - Validating expected message...
12:56:06.674 [main] testCases.TC001_AccountRegistrationTest.verify_account_registration(TC001_AccountRegistrationTest.java:71)eveô testCases.TC001_AccountRegistrationTest - ***** Finished TC001_AccountRegistrationTest
12:56:12.424 [main] testCases.TC002_LoginTest.verify_login(TC002_LoginTest.java:16)eveô testCases.TC002_LoginTest - ***** Starting TC002_LoginTest. *****
12:56:12.695 [main] testCases.TC002_LoginTest.verify_login(TC002_LoginTest.java:22)eveô testCases.TC002_LoginTest - Clicked on MyAccount Link.
12:56:13.072 [main] testCases.TC002_LoginTest.verify_login(TC002_LoginTest.java:25)eveô testCases.TC002_LoginTest - Clicked on Login Link.
