15:39:45.478 [main] org.testng.log4testng.Logger.debug(Logger.java:82)eveô org.testng.TestNG - suiteXmlPath: "C:\Users\User\AppData\Local\Temp\testng-eclipse-1052807204\testng-customsuite.xml"
15:39:45.756 [main] org.testng.log4testng.Logger.info(Logger.java:112)eveô org.testng.internal.Utils - [Utils] MethodGroupsHelper.collectMethodsByGroup() took 0 ms.
15:39:45.759 [main] org.testng.log4testng.Logger.info(Logger.java:112)eveô org.testng.internal.Utils - [Utils] MethodGroupsHelper.sortMethods() took 1 ms.
15:39:45.761 [main] org.testng.log4testng.Logger.info(Logger.java:112)eveô org.testng.internal.Utils - [Utils] MethodGroupsHelper.collectMethodsByGroup() took 0 ms.
15:39:45.770 [main] org.testng.log4testng.Logger.info(Logger.java:112)eveô org.testng.internal.Utils - [Utils] MethodGroupsHelper.sortMethods() took 0 ms.
15:39:45.770 [main] org.testng.log4testng.Logger.info(Logger.java:112)eveô org.testng.internal.Utils - [Utils] MethodGroupsHelper.collectMethodsByGroup() took 0 ms.
15:39:45.771 [main] org.testng.log4testng.Logger.info(Logger.java:112)eveô org.testng.internal.Utils - [Utils] MethodGroupsHelper.sortMethods() took 0 ms.
15:39:45.771 [main] org.testng.log4testng.Logger.info(Logger.java:112)eveô org.testng.internal.Utils - [Utils] MethodGroupsHelper.collectMethodsByGroup() took 0 ms.
15:39:45.771 [main] org.testng.log4testng.Logger.info(Logger.java:112)eveô org.testng.internal.Utils - [Utils] MethodGroupsHelper.sortMethods() took 0 ms.
15:39:45.776 [main] org.testng.log4testng.Logger.info(Logger.java:112)eveô org.testng.internal.Utils - [Utils] MethodGroupsHelper.collectMethodsByGroup() took 1 ms.
15:39:45.791 [main] org.testng.log4testng.Logger.info(Logger.java:112)eveô org.testng.internal.Utils - [Utils] MethodGroupsHelper.sortMethods() took 13 ms.
15:39:45.792 [main] org.testng.log4testng.Logger.info(Logger.java:112)eveô org.testng.internal.Utils - [Utils] MethodGroupsHelper.collectMethodsByGroup() took 0 ms.
15:39:45.793 [main] org.testng.log4testng.Logger.info(Logger.java:112)eveô org.testng.internal.Utils - [Utils] MethodGroupsHelper.sortMethods() took 0 ms.
15:39:45.793 [main] org.testng.log4testng.Logger.info(Logger.java:112)eveô org.testng.internal.Utils - [Utils] MethodGroupsHelper.collectMethodsByGroup() took 0 ms.
15:39:45.794 [main] org.testng.log4testng.Logger.info(Logger.java:112)eveô org.testng.internal.Utils - [Utils] MethodGroupsHelper.sortMethods() took 0 ms.
15:39:45.794 [main] org.testng.log4testng.Logger.info(Logger.java:112)eveô org.testng.internal.Utils - [Utils] MethodGroupsHelper.collectMethodsByGroup() took 0 ms.
15:39:45.794 [main] org.testng.log4testng.Logger.info(Logger.java:112)eveô org.testng.internal.Utils - [Utils] MethodGroupsHelper.sortMethods() took 0 ms.
15:39:45.796 [main] org.testng.log4testng.Logger.info(Logger.java:112)eveô org.testng.internal.Utils - [Utils] MethodGroupsHelper.collectMethodsByGroup() took 0 ms.
15:39:45.797 [main] org.testng.log4testng.Logger.info(Logger.java:112)eveô org.testng.internal.Utils - [Utils] MethodGroupsHelper.sortMethods() took 0 ms.
15:39:45.797 [main] org.testng.log4testng.Logger.info(Logger.java:112)eveô org.testng.internal.Utils - [Utils] MethodGroupsHelper.collectMethodsByGroup() took 0 ms.
15:39:45.797 [main] org.testng.log4testng.Logger.info(Logger.java:112)eveô org.testng.internal.Utils - [Utils] MethodGroupsHelper.sortMethods() took 0 ms.
15:39:45.800 [main] org.testng.log4testng.Logger.info(Logger.java:112)eveô org.testng.internal.Utils - [Utils] MethodGroupsHelper.collectMethodsByGroup() took 0 ms.
15:39:45.801 [main] org.testng.log4testng.Logger.info(Logger.java:112)eveô org.testng.internal.Utils - [Utils] MethodGroupsHelper.sortMethods() took 0 ms.
15:39:45.801 [main] org.testng.log4testng.Logger.info(Logger.java:112)eveô org.testng.internal.Utils - [Utils] MethodGroupsHelper.collectMethodsByGroup() took 0 ms.
15:39:45.801 [main] org.testng.log4testng.Logger.info(Logger.java:112)eveô org.testng.internal.Utils - [Utils] MethodGroupsHelper.sortMethods() took 0 ms.
15:39:45.803 [main] org.testng.log4testng.Logger.info(Logger.java:112)eveô org.testng.internal.Utils - [Utils] MethodGroupsHelper.collectMethodsByGroup() took 0 ms.
15:39:45.803 [main] org.testng.log4testng.Logger.info(Logger.java:112)eveô org.testng.internal.Utils - [Utils] MethodGroupsHelper.sortMethods() took 0 ms.
15:39:45.806 [main] org.testng.log4testng.Logger.info(Logger.java:112)eveô org.testng.internal.Utils - [Utils] MethodGroupsHelper.collectMethodsByGroup() took 0 ms.
15:39:45.806 [main] org.testng.log4testng.Logger.info(Logger.java:112)eveô org.testng.internal.Utils - [Utils] MethodGroupsHelper.sortMethods() took 0 ms.
15:39:45.806 [main] org.testng.log4testng.Logger.info(Logger.java:112)eveô org.testng.internal.Utils - [Utils] MethodGroupsHelper.collectMethodsByGroup() took 0 ms.
15:39:45.807 [main] org.testng.log4testng.Logger.info(Logger.java:112)eveô org.testng.internal.Utils - [Utils] MethodGroupsHelper.sortMethods() took 0 ms.
15:39:45.816 [main] org.testng.log4testng.Logger.info(Logger.java:112)eveô org.testng.internal.Utils - [TestNG] Running:
  C:\Users\User\AppData\Local\Temp\testng-eclipse-1052807204\testng-customsuite.xml

15:39:45.836 [main] org.testng.log4testng.Logger.info(Logger.java:112)eveô org.testng.internal.Utils - [Utils] DynamicGraphHelper.createDynamicGraph() took 4 ms.
15:39:49.121 [main] testCases.TC001_AccountRegistrationTest.verify_account_registration(TC001_AccountRegistrationTest.java:15)eveô testCases.TC001_AccountRegistrationTest - ***** Starting TC001_AccountRegistrationTest. *****
15:39:49.285 [main] testCases.TC001_AccountRegistrationTest.verify_account_registration(TC001_AccountRegistrationTest.java:21)eveô testCases.TC001_AccountRegistrationTest - Clicked on MyAccount Link.
15:39:49.956 [main] testCases.TC001_AccountRegistrationTest.verify_account_registration(TC001_AccountRegistrationTest.java:24)eveô testCases.TC001_AccountRegistrationTest - Clicked on Register Link.
15:39:49.958 [main] testCases.TC001_AccountRegistrationTest.verify_account_registration(TC001_AccountRegistrationTest.java:28)eveô testCases.TC001_AccountRegistrationTest - Providing customer's details...
15:39:51.521 [main] testCases.TC001_AccountRegistrationTest.verify_account_registration(TC001_AccountRegistrationTest.java:42)eveô testCases.TC001_AccountRegistrationTest - Validating expected message...
15:39:51.576 [main] testCases.TC001_AccountRegistrationTest.verify_account_registration(TC001_AccountRegistrationTest.java:71)eveô testCases.TC001_AccountRegistrationTest - ***** Finished TC001_AccountRegistrationTest
15:39:51.813 [main] org.testng.log4testng.Logger.info(Logger.java:112)eveô org.testng.internal.Utils - [TestNG] Time taken by org.testng.reporters.jq.Main@263bbfeb: 57 ms
15:39:51.815 [main] org.testng.log4testng.Logger.info(Logger.java:112)eveô org.testng.internal.Utils - [TestNG] Time taken by org.testng.reporters.FailedReporter@45bb2aa1: 2 ms
15:39:51.825 [main] org.testng.log4testng.Logger.info(Logger.java:112)eveô org.testng.internal.Utils - [TestNG] Time taken by org.testng.reporters.XMLReporter@327ed9f5: 9 ms
15:39:51.830 [main] org.testng.log4testng.Logger.info(Logger.java:112)eveô org.testng.internal.Utils - [TestNG] Time taken by org.testng.reporters.EmailableReporter2@23382f76: 5 ms
15:39:51.835 [main] org.testng.log4testng.Logger.info(Logger.java:112)eveô org.testng.internal.Utils - [TestNG] Time taken by org.testng.reporters.JUnitReportReporter@5b84f14: 5 ms
15:39:51.835 [main] org.testng.log4testng.Logger.info(Logger.java:112)eveô org.testng.internal.Utils - [TestNG] Time taken by org.testng.internal.ExitCodeListener@5a82ebf8: 0 ms
15:40:24.865 [main] org.testng.log4testng.Logger.debug(Logger.java:82)eveô org.testng.TestNG - suiteXmlPath: "C:\Users\User\AppData\Local\Temp\testng-eclipse-420157419\testng-customsuite.xml"
15:40:25.134 [main] org.testng.log4testng.Logger.info(Logger.java:112)eveô org.testng.internal.Utils - [Utils] MethodGroupsHelper.collectMethodsByGroup() took 0 ms.
15:40:25.137 [main] org.testng.log4testng.Logger.info(Logger.java:112)eveô org.testng.internal.Utils - [Utils] MethodGroupsHelper.sortMethods() took 1 ms.
15:40:25.138 [main] org.testng.log4testng.Logger.info(Logger.java:112)eveô org.testng.internal.Utils - [Utils] MethodGroupsHelper.collectMethodsByGroup() took 0 ms.
15:40:25.139 [main] org.testng.log4testng.Logger.info(Logger.java:112)eveô org.testng.internal.Utils - [Utils] MethodGroupsHelper.sortMethods() took 0 ms.
15:40:25.139 [main] org.testng.log4testng.Logger.info(Logger.java:112)eveô org.testng.internal.Utils - [Utils] MethodGroupsHelper.collectMethodsByGroup() took 0 ms.
15:40:25.140 [main] org.testng.log4testng.Logger.info(Logger.java:112)eveô org.testng.internal.Utils - [Utils] MethodGroupsHelper.sortMethods() took 0 ms.
15:40:25.140 [main] org.testng.log4testng.Logger.info(Logger.java:112)eveô org.testng.internal.Utils - [Utils] MethodGroupsHelper.collectMethodsByGroup() took 0 ms.
15:40:25.141 [main] org.testng.log4testng.Logger.info(Logger.java:112)eveô org.testng.internal.Utils - [Utils] MethodGroupsHelper.sortMethods() took 0 ms.
15:40:25.145 [main] org.testng.log4testng.Logger.info(Logger.java:112)eveô org.testng.internal.Utils - [Utils] MethodGroupsHelper.collectMethodsByGroup() took 1 ms.
15:40:25.157 [main] org.testng.log4testng.Logger.info(Logger.java:112)eveô org.testng.internal.Utils - [Utils] MethodGroupsHelper.sortMethods() took 10 ms.
15:40:25.158 [main] org.testng.log4testng.Logger.info(Logger.java:112)eveô org.testng.internal.Utils - [Utils] MethodGroupsHelper.collectMethodsByGroup() took 0 ms.
15:40:25.158 [main] org.testng.log4testng.Logger.info(Logger.java:112)eveô org.testng.internal.Utils - [Utils] MethodGroupsHelper.sortMethods() took 0 ms.
15:40:25.159 [main] org.testng.log4testng.Logger.info(Logger.java:112)eveô org.testng.internal.Utils - [Utils] MethodGroupsHelper.collectMethodsByGroup() took 0 ms.
15:40:25.160 [main] org.testng.log4testng.Logger.info(Logger.java:112)eveô org.testng.internal.Utils - [Utils] MethodGroupsHelper.sortMethods() took 0 ms.
15:40:25.160 [main] org.testng.log4testng.Logger.info(Logger.java:112)eveô org.testng.internal.Utils - [Utils] MethodGroupsHelper.collectMethodsByGroup() took 0 ms.
15:40:25.161 [main] org.testng.log4testng.Logger.info(Logger.java:112)eveô org.testng.internal.Utils - [Utils] MethodGroupsHelper.sortMethods() took 0 ms.
15:40:25.163 [main] org.testng.log4testng.Logger.info(Logger.java:112)eveô org.testng.internal.Utils - [Utils] MethodGroupsHelper.collectMethodsByGroup() took 0 ms.
15:40:25.163 [main] org.testng.log4testng.Logger.info(Logger.java:112)eveô org.testng.internal.Utils - [Utils] MethodGroupsHelper.sortMethods() took 0 ms.
15:40:25.164 [main] org.testng.log4testng.Logger.info(Logger.java:112)eveô org.testng.internal.Utils - [Utils] MethodGroupsHelper.collectMethodsByGroup() took 0 ms.
15:40:25.164 [main] org.testng.log4testng.Logger.info(Logger.java:112)eveô org.testng.internal.Utils - [Utils] MethodGroupsHelper.sortMethods() took 0 ms.
15:40:25.168 [main] org.testng.log4testng.Logger.info(Logger.java:112)eveô org.testng.internal.Utils - [Utils] MethodGroupsHelper.collectMethodsByGroup() took 0 ms.
15:40:25.169 [main] org.testng.log4testng.Logger.info(Logger.java:112)eveô org.testng.internal.Utils - [Utils] MethodGroupsHelper.sortMethods() took 0 ms.
15:40:25.169 [main] org.testng.log4testng.Logger.info(Logger.java:112)eveô org.testng.internal.Utils - [Utils] MethodGroupsHelper.collectMethodsByGroup() took 0 ms.
15:40:25.169 [main] org.testng.log4testng.Logger.info(Logger.java:112)eveô org.testng.internal.Utils - [Utils] MethodGroupsHelper.sortMethods() took 0 ms.
15:40:25.171 [main] org.testng.log4testng.Logger.info(Logger.java:112)eveô org.testng.internal.Utils - [Utils] MethodGroupsHelper.collectMethodsByGroup() took 0 ms.
15:40:25.172 [main] org.testng.log4testng.Logger.info(Logger.java:112)eveô org.testng.internal.Utils - [Utils] MethodGroupsHelper.sortMethods() took 0 ms.
15:40:25.174 [main] org.testng.log4testng.Logger.info(Logger.java:112)eveô org.testng.internal.Utils - [Utils] MethodGroupsHelper.collectMethodsByGroup() took 0 ms.
15:40:25.175 [main] org.testng.log4testng.Logger.info(Logger.java:112)eveô org.testng.internal.Utils - [Utils] MethodGroupsHelper.sortMethods() took 0 ms.
15:40:25.175 [main] org.testng.log4testng.Logger.info(Logger.java:112)eveô org.testng.internal.Utils - [Utils] MethodGroupsHelper.collectMethodsByGroup() took 0 ms.
15:40:25.175 [main] org.testng.log4testng.Logger.info(Logger.java:112)eveô org.testng.internal.Utils - [Utils] MethodGroupsHelper.sortMethods() took 0 ms.
15:40:25.187 [main] org.testng.log4testng.Logger.info(Logger.java:112)eveô org.testng.internal.Utils - [TestNG] Running:
  C:\Users\User\AppData\Local\Temp\testng-eclipse-420157419\testng-customsuite.xml

15:40:25.207 [main] org.testng.log4testng.Logger.info(Logger.java:112)eveô org.testng.internal.Utils - [Utils] DynamicGraphHelper.createDynamicGraph() took 4 ms.
15:40:28.632 [main] testCases.TC001_AccountRegistrationTest.verify_account_registration(TC001_AccountRegistrationTest.java:15)eveô testCases.TC001_AccountRegistrationTest - ***** Starting TC001_AccountRegistrationTest. *****
15:40:28.791 [main] testCases.TC001_AccountRegistrationTest.verify_account_registration(TC001_AccountRegistrationTest.java:21)eveô testCases.TC001_AccountRegistrationTest - Clicked on MyAccount Link.
15:40:29.456 [main] testCases.TC001_AccountRegistrationTest.verify_account_registration(TC001_AccountRegistrationTest.java:24)eveô testCases.TC001_AccountRegistrationTest - Clicked on Register Link.
15:40:29.461 [main] testCases.TC001_AccountRegistrationTest.verify_account_registration(TC001_AccountRegistrationTest.java:28)eveô testCases.TC001_AccountRegistrationTest - Providing customer's details...
15:40:30.109 [main] testCases.TC001_AccountRegistrationTest.verify_account_registration(TC001_AccountRegistrationTest.java:42)eveô testCases.TC001_AccountRegistrationTest - Validating expected message...
15:40:31.188 [main] testCases.TC001_AccountRegistrationTest.verify_account_registration(TC001_AccountRegistrationTest.java:51)eveô testCases.TC001_AccountRegistrationTest - Test failed.
15:40:31.189 [main] testCases.TC001_AccountRegistrationTest.verify_account_registration(TC001_AccountRegistrationTest.java:52)eveô testCases.TC001_AccountRegistrationTest - Debug logs.
15:40:31.474 [main] org.testng.log4testng.Logger.info(Logger.java:112)eveô org.testng.internal.Utils - [TestNG] Time taken by org.testng.reporters.jq.Main@61e7bf2f: 55 ms
15:40:31.486 [main] org.testng.log4testng.Logger.info(Logger.java:112)eveô org.testng.internal.Utils - [TestNG] Time taken by org.testng.reporters.FailedReporter@719d35e8: 11 ms
15:40:31.495 [main] org.testng.log4testng.Logger.info(Logger.java:112)eveô org.testng.internal.Utils - [TestNG] Time taken by org.testng.reporters.XMLReporter@51a8313b: 8 ms
15:40:31.502 [main] org.testng.log4testng.Logger.info(Logger.java:112)eveô org.testng.internal.Utils - [TestNG] Time taken by org.testng.reporters.EmailableReporter2@7acfb656: 7 ms
15:40:31.509 [main] org.testng.log4testng.Logger.info(Logger.java:112)eveô org.testng.internal.Utils - [TestNG] Time taken by org.testng.reporters.JUnitReportReporter@52cb4f50: 7 ms
15:40:31.510 [main] org.testng.log4testng.Logger.info(Logger.java:112)eveô org.testng.internal.Utils - [TestNG] Time taken by org.testng.internal.ExitCodeListener@25a5c7db: 0 ms
15:58:54.945 [main] org.testng.log4testng.Logger.debug(Logger.java:82)eveô org.testng.TestNG - suiteXmlPath: "C:\Users\User\AppData\Local\Temp\testng-eclipse--15387082\testng-customsuite.xml"
15:58:55.209 [main] org.testng.log4testng.Logger.info(Logger.java:112)eveô org.testng.internal.Utils - [Utils] MethodGroupsHelper.collectMethodsByGroup() took 1 ms.
15:58:55.212 [main] org.testng.log4testng.Logger.info(Logger.java:112)eveô org.testng.internal.Utils - [Utils] MethodGroupsHelper.sortMethods() took 1 ms.
15:58:55.213 [main] org.testng.log4testng.Logger.info(Logger.java:112)eveô org.testng.internal.Utils - [Utils] MethodGroupsHelper.collectMethodsByGroup() took 0 ms.
15:58:55.214 [main] org.testng.log4testng.Logger.info(Logger.java:112)eveô org.testng.internal.Utils - [Utils] MethodGroupsHelper.sortMethods() took 0 ms.
15:58:55.214 [main] org.testng.log4testng.Logger.info(Logger.java:112)eveô org.testng.internal.Utils - [Utils] MethodGroupsHelper.collectMethodsByGroup() took 0 ms.
15:58:55.214 [main] org.testng.log4testng.Logger.info(Logger.java:112)eveô org.testng.internal.Utils - [Utils] MethodGroupsHelper.sortMethods() took 0 ms.
15:58:55.215 [main] org.testng.log4testng.Logger.info(Logger.java:112)eveô org.testng.internal.Utils - [Utils] MethodGroupsHelper.collectMethodsByGroup() took 0 ms.
15:58:55.215 [main] org.testng.log4testng.Logger.info(Logger.java:112)eveô org.testng.internal.Utils - [Utils] MethodGroupsHelper.sortMethods() took 0 ms.
15:58:55.222 [main] org.testng.log4testng.Logger.info(Logger.java:112)eveô org.testng.internal.Utils - [Utils] MethodGroupsHelper.collectMethodsByGroup() took 3 ms.
15:58:55.234 [main] org.testng.log4testng.Logger.info(Logger.java:112)eveô org.testng.internal.Utils - [Utils] MethodGroupsHelper.sortMethods() took 11 ms.
15:58:55.235 [main] org.testng.log4testng.Logger.info(Logger.java:112)eveô org.testng.internal.Utils - [Utils] MethodGroupsHelper.collectMethodsByGroup() took 0 ms.
15:58:55.235 [main] org.testng.log4testng.Logger.info(Logger.java:112)eveô org.testng.internal.Utils - [Utils] MethodGroupsHelper.sortMethods() took 0 ms.
15:58:55.236 [main] org.testng.log4testng.Logger.info(Logger.java:112)eveô org.testng.internal.Utils - [Utils] MethodGroupsHelper.collectMethodsByGroup() took 0 ms.
15:58:55.236 [main] org.testng.log4testng.Logger.info(Logger.java:112)eveô org.testng.internal.Utils - [Utils] MethodGroupsHelper.sortMethods() took 0 ms.
15:58:55.237 [main] org.testng.log4testng.Logger.info(Logger.java:112)eveô org.testng.internal.Utils - [Utils] MethodGroupsHelper.collectMethodsByGroup() took 0 ms.
15:58:55.237 [main] org.testng.log4testng.Logger.info(Logger.java:112)eveô org.testng.internal.Utils - [Utils] MethodGroupsHelper.sortMethods() took 0 ms.
15:58:55.239 [main] org.testng.log4testng.Logger.info(Logger.java:112)eveô org.testng.internal.Utils - [Utils] MethodGroupsHelper.collectMethodsByGroup() took 0 ms.
15:58:55.240 [main] org.testng.log4testng.Logger.info(Logger.java:112)eveô org.testng.internal.Utils - [Utils] MethodGroupsHelper.sortMethods() took 0 ms.
15:58:55.240 [main] org.testng.log4testng.Logger.info(Logger.java:112)eveô org.testng.internal.Utils - [Utils] MethodGroupsHelper.collectMethodsByGroup() took 0 ms.
15:58:55.240 [main] org.testng.log4testng.Logger.info(Logger.java:112)eveô org.testng.internal.Utils - [Utils] MethodGroupsHelper.sortMethods() took 0 ms.
15:58:55.243 [main] org.testng.log4testng.Logger.info(Logger.java:112)eveô org.testng.internal.Utils - [Utils] MethodGroupsHelper.collectMethodsByGroup() took 0 ms.
15:58:55.243 [main] org.testng.log4testng.Logger.info(Logger.java:112)eveô org.testng.internal.Utils - [Utils] MethodGroupsHelper.sortMethods() took 0 ms.
15:58:55.244 [main] org.testng.log4testng.Logger.info(Logger.java:112)eveô org.testng.internal.Utils - [Utils] MethodGroupsHelper.collectMethodsByGroup() took 0 ms.
15:58:55.244 [main] org.testng.log4testng.Logger.info(Logger.java:112)eveô org.testng.internal.Utils - [Utils] MethodGroupsHelper.sortMethods() took 0 ms.
15:58:55.245 [main] org.testng.log4testng.Logger.info(Logger.java:112)eveô org.testng.internal.Utils - [Utils] MethodGroupsHelper.collectMethodsByGroup() took 0 ms.
15:58:55.246 [main] org.testng.log4testng.Logger.info(Logger.java:112)eveô org.testng.internal.Utils - [Utils] MethodGroupsHelper.sortMethods() took 0 ms.
15:58:55.248 [main] org.testng.log4testng.Logger.info(Logger.java:112)eveô org.testng.internal.Utils - [Utils] MethodGroupsHelper.collectMethodsByGroup() took 0 ms.
15:58:55.248 [main] org.testng.log4testng.Logger.info(Logger.java:112)eveô org.testng.internal.Utils - [Utils] MethodGroupsHelper.sortMethods() took 0 ms.
15:58:55.248 [main] org.testng.log4testng.Logger.info(Logger.java:112)eveô org.testng.internal.Utils - [Utils] MethodGroupsHelper.collectMethodsByGroup() took 0 ms.
15:58:55.248 [main] org.testng.log4testng.Logger.info(Logger.java:112)eveô org.testng.internal.Utils - [Utils] MethodGroupsHelper.sortMethods() took 0 ms.
15:58:55.261 [main] org.testng.log4testng.Logger.info(Logger.java:112)eveô org.testng.internal.Utils - [TestNG] Running:
  C:\Users\User\AppData\Local\Temp\testng-eclipse--15387082\testng-customsuite.xml

15:58:55.283 [main] org.testng.log4testng.Logger.info(Logger.java:112)eveô org.testng.internal.Utils - [Utils] DynamicGraphHelper.createDynamicGraph() took 3 ms.
15:58:59.338 [main] testCases.TC001_AccountRegistrationTest.verify_account_registration(TC001_AccountRegistrationTest.java:15)eveô testCases.TC001_AccountRegistrationTest - ***** Starting TC001_AccountRegistrationTest. *****
15:58:59.491 [main] testCases.TC001_AccountRegistrationTest.verify_account_registration(TC001_AccountRegistrationTest.java:21)eveô testCases.TC001_AccountRegistrationTest - Clicked on MyAccount Link.
15:59:00.290 [main] testCases.TC001_AccountRegistrationTest.verify_account_registration(TC001_AccountRegistrationTest.java:24)eveô testCases.TC001_AccountRegistrationTest - Clicked on Register Link.
15:59:00.292 [main] testCases.TC001_AccountRegistrationTest.verify_account_registration(TC001_AccountRegistrationTest.java:28)eveô testCases.TC001_AccountRegistrationTest - Providing customer's details...
15:59:00.913 [main] testCases.TC001_AccountRegistrationTest.verify_account_registration(TC001_AccountRegistrationTest.java:42)eveô testCases.TC001_AccountRegistrationTest - Validating expected message...
15:59:02.144 [main] testCases.TC001_AccountRegistrationTest.verify_account_registration(TC001_AccountRegistrationTest.java:71)eveô testCases.TC001_AccountRegistrationTest - ***** Finished TC001_AccountRegistrationTest
15:59:02.472 [main] org.testng.log4testng.Logger.info(Logger.java:112)eveô org.testng.internal.Utils - [TestNG] Time taken by org.testng.reporters.jq.Main@263bbfeb: 48 ms
15:59:02.473 [main] org.testng.log4testng.Logger.info(Logger.java:112)eveô org.testng.internal.Utils - [TestNG] Time taken by org.testng.reporters.FailedReporter@45bb2aa1: 1 ms
15:59:02.481 [main] org.testng.log4testng.Logger.info(Logger.java:112)eveô org.testng.internal.Utils - [TestNG] Time taken by org.testng.reporters.XMLReporter@327ed9f5: 7 ms
15:59:02.487 [main] org.testng.log4testng.Logger.info(Logger.java:112)eveô org.testng.internal.Utils - [TestNG] Time taken by org.testng.reporters.EmailableReporter2@23382f76: 5 ms
15:59:02.491 [main] org.testng.log4testng.Logger.info(Logger.java:112)eveô org.testng.internal.Utils - [TestNG] Time taken by org.testng.reporters.JUnitReportReporter@5b84f14: 4 ms
15:59:02.491 [main] org.testng.log4testng.Logger.info(Logger.java:112)eveô org.testng.internal.Utils - [TestNG] Time taken by org.testng.internal.ExitCodeListener@5a82ebf8: 0 ms
15:59:33.863 [main] org.testng.log4testng.Logger.debug(Logger.java:82)eveô org.testng.TestNG - suiteXmlPath: "C:\Users\User\AppData\Local\Temp\testng-eclipse-681454473\testng-customsuite.xml"
15:59:34.129 [main] org.testng.log4testng.Logger.info(Logger.java:112)eveô org.testng.internal.Utils - [Utils] MethodGroupsHelper.collectMethodsByGroup() took 0 ms.
15:59:34.132 [main] org.testng.log4testng.Logger.info(Logger.java:112)eveô org.testng.internal.Utils - [Utils] MethodGroupsHelper.sortMethods() took 1 ms.
15:59:34.134 [main] org.testng.log4testng.Logger.info(Logger.java:112)eveô org.testng.internal.Utils - [Utils] MethodGroupsHelper.collectMethodsByGroup() took 0 ms.
15:59:34.134 [main] org.testng.log4testng.Logger.info(Logger.java:112)eveô org.testng.internal.Utils - [Utils] MethodGroupsHelper.sortMethods() took 0 ms.
15:59:34.135 [main] org.testng.log4testng.Logger.info(Logger.java:112)eveô org.testng.internal.Utils - [Utils] MethodGroupsHelper.collectMethodsByGroup() took 0 ms.
15:59:34.135 [main] org.testng.log4testng.Logger.info(Logger.java:112)eveô org.testng.internal.Utils - [Utils] MethodGroupsHelper.sortMethods() took 0 ms.
15:59:34.136 [main] org.testng.log4testng.Logger.info(Logger.java:112)eveô org.testng.internal.Utils - [Utils] MethodGroupsHelper.collectMethodsByGroup() took 0 ms.
15:59:34.136 [main] org.testng.log4testng.Logger.info(Logger.java:112)eveô org.testng.internal.Utils - [Utils] MethodGroupsHelper.sortMethods() took 0 ms.
15:59:34.141 [main] org.testng.log4testng.Logger.info(Logger.java:112)eveô org.testng.internal.Utils - [Utils] MethodGroupsHelper.collectMethodsByGroup() took 2 ms.
15:59:34.151 [main] org.testng.log4testng.Logger.info(Logger.java:112)eveô org.testng.internal.Utils - [Utils] MethodGroupsHelper.sortMethods() took 10 ms.
15:59:34.152 [main] org.testng.log4testng.Logger.info(Logger.java:112)eveô org.testng.internal.Utils - [Utils] MethodGroupsHelper.collectMethodsByGroup() took 0 ms.
15:59:34.152 [main] org.testng.log4testng.Logger.info(Logger.java:112)eveô org.testng.internal.Utils - [Utils] MethodGroupsHelper.sortMethods() took 0 ms.
15:59:34.153 [main] org.testng.log4testng.Logger.info(Logger.java:112)eveô org.testng.internal.Utils - [Utils] MethodGroupsHelper.collectMethodsByGroup() took 0 ms.
15:59:34.153 [main] org.testng.log4testng.Logger.info(Logger.java:112)eveô org.testng.internal.Utils - [Utils] MethodGroupsHelper.sortMethods() took 0 ms.
15:59:34.154 [main] org.testng.log4testng.Logger.info(Logger.java:112)eveô org.testng.internal.Utils - [Utils] MethodGroupsHelper.collectMethodsByGroup() took 0 ms.
15:59:34.154 [main] org.testng.log4testng.Logger.info(Logger.java:112)eveô org.testng.internal.Utils - [Utils] MethodGroupsHelper.sortMethods() took 0 ms.
15:59:34.156 [main] org.testng.log4testng.Logger.info(Logger.java:112)eveô org.testng.internal.Utils - [Utils] MethodGroupsHelper.collectMethodsByGroup() took 0 ms.
15:59:34.157 [main] org.testng.log4testng.Logger.info(Logger.java:112)eveô org.testng.internal.Utils - [Utils] MethodGroupsHelper.sortMethods() took 0 ms.
15:59:34.158 [main] org.testng.log4testng.Logger.info(Logger.java:112)eveô org.testng.internal.Utils - [Utils] MethodGroupsHelper.collectMethodsByGroup() took 0 ms.
15:59:34.158 [main] org.testng.log4testng.Logger.info(Logger.java:112)eveô org.testng.internal.Utils - [Utils] MethodGroupsHelper.sortMethods() took 0 ms.
15:59:34.162 [main] org.testng.log4testng.Logger.info(Logger.java:112)eveô org.testng.internal.Utils - [Utils] MethodGroupsHelper.collectMethodsByGroup() took 0 ms.
15:59:34.162 [main] org.testng.log4testng.Logger.info(Logger.java:112)eveô org.testng.internal.Utils - [Utils] MethodGroupsHelper.sortMethods() took 0 ms.
15:59:34.162 [main] org.testng.log4testng.Logger.info(Logger.java:112)eveô org.testng.internal.Utils - [Utils] MethodGroupsHelper.collectMethodsByGroup() took 0 ms.
15:59:34.163 [main] org.testng.log4testng.Logger.info(Logger.java:112)eveô org.testng.internal.Utils - [Utils] MethodGroupsHelper.sortMethods() took 0 ms.
15:59:34.164 [main] org.testng.log4testng.Logger.info(Logger.java:112)eveô org.testng.internal.Utils - [Utils] MethodGroupsHelper.collectMethodsByGroup() took 0 ms.
15:59:34.164 [main] org.testng.log4testng.Logger.info(Logger.java:112)eveô org.testng.internal.Utils - [Utils] MethodGroupsHelper.sortMethods() took 0 ms.
15:59:34.167 [main] org.testng.log4testng.Logger.info(Logger.java:112)eveô org.testng.internal.Utils - [Utils] MethodGroupsHelper.collectMethodsByGroup() took 0 ms.
15:59:34.167 [main] org.testng.log4testng.Logger.info(Logger.java:112)eveô org.testng.internal.Utils - [Utils] MethodGroupsHelper.sortMethods() took 0 ms.
15:59:34.167 [main] org.testng.log4testng.Logger.info(Logger.java:112)eveô org.testng.internal.Utils - [Utils] MethodGroupsHelper.collectMethodsByGroup() took 0 ms.
15:59:34.167 [main] org.testng.log4testng.Logger.info(Logger.java:112)eveô org.testng.internal.Utils - [Utils] MethodGroupsHelper.sortMethods() took 0 ms.
15:59:34.180 [main] org.testng.log4testng.Logger.info(Logger.java:112)eveô org.testng.internal.Utils - [TestNG] Running:
  C:\Users\User\AppData\Local\Temp\testng-eclipse-681454473\testng-customsuite.xml

15:59:34.203 [main] org.testng.log4testng.Logger.info(Logger.java:112)eveô org.testng.internal.Utils - [Utils] DynamicGraphHelper.createDynamicGraph() took 4 ms.
15:59:37.761 [main] testCases.TC001_AccountRegistrationTest.verify_account_registration(TC001_AccountRegistrationTest.java:15)eveô testCases.TC001_AccountRegistrationTest - ***** Starting TC001_AccountRegistrationTest. *****
15:59:37.933 [main] testCases.TC001_AccountRegistrationTest.verify_account_registration(TC001_AccountRegistrationTest.java:21)eveô testCases.TC001_AccountRegistrationTest - Clicked on MyAccount Link.
15:59:38.650 [main] testCases.TC001_AccountRegistrationTest.verify_account_registration(TC001_AccountRegistrationTest.java:24)eveô testCases.TC001_AccountRegistrationTest - Clicked on Register Link.
15:59:38.651 [main] testCases.TC001_AccountRegistrationTest.verify_account_registration(TC001_AccountRegistrationTest.java:28)eveô testCases.TC001_AccountRegistrationTest - Providing customer's details...
15:59:40.362 [main] testCases.TC001_AccountRegistrationTest.verify_account_registration(TC001_AccountRegistrationTest.java:42)eveô testCases.TC001_AccountRegistrationTest - Validating expected message...
15:59:40.412 [main] testCases.TC001_AccountRegistrationTest.verify_account_registration(TC001_AccountRegistrationTest.java:51)eveô testCases.TC001_AccountRegistrationTest - Test failed.
15:59:40.413 [main] testCases.TC001_AccountRegistrationTest.verify_account_registration(TC001_AccountRegistrationTest.java:52)eveô testCases.TC001_AccountRegistrationTest - Debug logs.
15:59:40.696 [main] org.testng.log4testng.Logger.info(Logger.java:112)eveô org.testng.internal.Utils - [TestNG] Time taken by org.testng.reporters.jq.Main@61e7bf2f: 62 ms
15:59:40.712 [main] org.testng.log4testng.Logger.info(Logger.java:112)eveô org.testng.internal.Utils - [TestNG] Time taken by org.testng.reporters.FailedReporter@719d35e8: 15 ms
15:59:40.725 [main] org.testng.log4testng.Logger.info(Logger.java:112)eveô org.testng.internal.Utils - [TestNG] Time taken by org.testng.reporters.XMLReporter@51a8313b: 13 ms
15:59:40.730 [main] org.testng.log4testng.Logger.info(Logger.java:112)eveô org.testng.internal.Utils - [TestNG] Time taken by org.testng.reporters.EmailableReporter2@7acfb656: 5 ms
15:59:40.737 [main] org.testng.log4testng.Logger.info(Logger.java:112)eveô org.testng.internal.Utils - [TestNG] Time taken by org.testng.reporters.JUnitReportReporter@52cb4f50: 6 ms
15:59:40.737 [main] org.testng.log4testng.Logger.info(Logger.java:112)eveô org.testng.internal.Utils - [TestNG] Time taken by org.testng.internal.ExitCodeListener@25a5c7db: 0 ms
16:00:44.131 [main] org.testng.log4testng.Logger.debug(Logger.java:82)eveô org.testng.TestNG - suiteXmlPath: "C:\Users\User\AppData\Local\Temp\testng-eclipse--222446576\testng-customsuite.xml"
16:00:44.477 [main] org.testng.log4testng.Logger.info(Logger.java:112)eveô org.testng.internal.Utils - [Utils] MethodGroupsHelper.collectMethodsByGroup() took 2 ms.
16:00:44.481 [main] org.testng.log4testng.Logger.info(Logger.java:112)eveô org.testng.internal.Utils - [Utils] MethodGroupsHelper.sortMethods() took 1 ms.
16:00:44.485 [main] org.testng.log4testng.Logger.info(Logger.java:112)eveô org.testng.internal.Utils - [Utils] MethodGroupsHelper.collectMethodsByGroup() took 0 ms.
16:00:44.486 [main] org.testng.log4testng.Logger.info(Logger.java:112)eveô org.testng.internal.Utils - [Utils] MethodGroupsHelper.sortMethods() took 0 ms.
16:00:44.487 [main] org.testng.log4testng.Logger.info(Logger.java:112)eveô org.testng.internal.Utils - [Utils] MethodGroupsHelper.collectMethodsByGroup() took 0 ms.
16:00:44.487 [main] org.testng.log4testng.Logger.info(Logger.java:112)eveô org.testng.internal.Utils - [Utils] MethodGroupsHelper.sortMethods() took 0 ms.
16:00:44.489 [main] org.testng.log4testng.Logger.info(Logger.java:112)eveô org.testng.internal.Utils - [Utils] MethodGroupsHelper.collectMethodsByGroup() took 0 ms.
16:00:44.490 [main] org.testng.log4testng.Logger.info(Logger.java:112)eveô org.testng.internal.Utils - [Utils] MethodGroupsHelper.sortMethods() took 0 ms.
16:00:44.496 [main] org.testng.log4testng.Logger.info(Logger.java:112)eveô org.testng.internal.Utils - [Utils] MethodGroupsHelper.collectMethodsByGroup() took 3 ms.
16:00:44.512 [main] org.testng.log4testng.Logger.info(Logger.java:112)eveô org.testng.internal.Utils - [Utils] MethodGroupsHelper.sortMethods() took 14 ms.
16:00:44.513 [main] org.testng.log4testng.Logger.info(Logger.java:112)eveô org.testng.internal.Utils - [Utils] MethodGroupsHelper.collectMethodsByGroup() took 0 ms.
16:00:44.514 [main] org.testng.log4testng.Logger.info(Logger.java:112)eveô org.testng.internal.Utils - [Utils] MethodGroupsHelper.sortMethods() took 0 ms.
16:00:44.515 [main] org.testng.log4testng.Logger.info(Logger.java:112)eveô org.testng.internal.Utils - [Utils] MethodGroupsHelper.collectMethodsByGroup() took 0 ms.
16:00:44.515 [main] org.testng.log4testng.Logger.info(Logger.java:112)eveô org.testng.internal.Utils - [Utils] MethodGroupsHelper.sortMethods() took 0 ms.
16:00:44.516 [main] org.testng.log4testng.Logger.info(Logger.java:112)eveô org.testng.internal.Utils - [Utils] MethodGroupsHelper.collectMethodsByGroup() took 0 ms.
16:00:44.516 [main] org.testng.log4testng.Logger.info(Logger.java:112)eveô org.testng.internal.Utils - [Utils] MethodGroupsHelper.sortMethods() took 0 ms.
16:00:44.519 [main] org.testng.log4testng.Logger.info(Logger.java:112)eveô org.testng.internal.Utils - [Utils] MethodGroupsHelper.collectMethodsByGroup() took 0 ms.
16:00:44.519 [main] org.testng.log4testng.Logger.info(Logger.java:112)eveô org.testng.internal.Utils - [Utils] MethodGroupsHelper.sortMethods() took 0 ms.
16:00:44.520 [main] org.testng.log4testng.Logger.info(Logger.java:112)eveô org.testng.internal.Utils - [Utils] MethodGroupsHelper.collectMethodsByGroup() took 0 ms.
16:00:44.520 [main] org.testng.log4testng.Logger.info(Logger.java:112)eveô org.testng.internal.Utils - [Utils] MethodGroupsHelper.sortMethods() took 0 ms.
16:00:44.525 [main] org.testng.log4testng.Logger.info(Logger.java:112)eveô org.testng.internal.Utils - [Utils] MethodGroupsHelper.collectMethodsByGroup() took 0 ms.
16:00:44.525 [main] org.testng.log4testng.Logger.info(Logger.java:112)eveô org.testng.internal.Utils - [Utils] MethodGroupsHelper.sortMethods() took 0 ms.
16:00:44.525 [main] org.testng.log4testng.Logger.info(Logger.java:112)eveô org.testng.internal.Utils - [Utils] MethodGroupsHelper.collectMethodsByGroup() took 0 ms.
16:00:44.525 [main] org.testng.log4testng.Logger.info(Logger.java:112)eveô org.testng.internal.Utils - [Utils] MethodGroupsHelper.sortMethods() took 0 ms.
16:00:44.527 [main] org.testng.log4testng.Logger.info(Logger.java:112)eveô org.testng.internal.Utils - [Utils] MethodGroupsHelper.collectMethodsByGroup() took 0 ms.
16:00:44.528 [main] org.testng.log4testng.Logger.info(Logger.java:112)eveô org.testng.internal.Utils - [Utils] MethodGroupsHelper.sortMethods() took 0 ms.
16:00:44.531 [main] org.testng.log4testng.Logger.info(Logger.java:112)eveô org.testng.internal.Utils - [Utils] MethodGroupsHelper.collectMethodsByGroup() took 0 ms.
16:00:44.531 [main] org.testng.log4testng.Logger.info(Logger.java:112)eveô org.testng.internal.Utils - [Utils] MethodGroupsHelper.sortMethods() took 0 ms.
16:00:44.532 [main] org.testng.log4testng.Logger.info(Logger.java:112)eveô org.testng.internal.Utils - [Utils] MethodGroupsHelper.collectMethodsByGroup() took 0 ms.
16:00:44.532 [main] org.testng.log4testng.Logger.info(Logger.java:112)eveô org.testng.internal.Utils - [Utils] MethodGroupsHelper.sortMethods() took 0 ms.
16:00:44.547 [main] org.testng.log4testng.Logger.info(Logger.java:112)eveô org.testng.internal.Utils - [TestNG] Running:
  C:\Users\User\AppData\Local\Temp\testng-eclipse--222446576\testng-customsuite.xml

16:00:44.575 [main] org.testng.log4testng.Logger.info(Logger.java:112)eveô org.testng.internal.Utils - [Utils] DynamicGraphHelper.createDynamicGraph() took 7 ms.
16:00:48.201 [main] testCases.TC001_AccountRegistrationTest.verify_account_registration(TC001_AccountRegistrationTest.java:15)eveô testCases.TC001_AccountRegistrationTest - ***** Starting TC001_AccountRegistrationTest. *****
16:00:48.369 [main] testCases.TC001_AccountRegistrationTest.verify_account_registration(TC001_AccountRegistrationTest.java:21)eveô testCases.TC001_AccountRegistrationTest - Clicked on MyAccount Link.
16:00:49.106 [main] testCases.TC001_AccountRegistrationTest.verify_account_registration(TC001_AccountRegistrationTest.java:24)eveô testCases.TC001_AccountRegistrationTest - Clicked on Register Link.
16:00:49.109 [main] testCases.TC001_AccountRegistrationTest.verify_account_registration(TC001_AccountRegistrationTest.java:28)eveô testCases.TC001_AccountRegistrationTest - Providing customer's details...
16:00:50.799 [main] testCases.TC001_AccountRegistrationTest.verify_account_registration(TC001_AccountRegistrationTest.java:42)eveô testCases.TC001_AccountRegistrationTest - Validating expected message...
16:00:50.848 [main] testCases.TC001_AccountRegistrationTest.verify_account_registration(TC001_AccountRegistrationTest.java:51)eveô testCases.TC001_AccountRegistrationTest - Test failed.
16:00:50.849 [main] testCases.TC001_AccountRegistrationTest.verify_account_registration(TC001_AccountRegistrationTest.java:52)eveô testCases.TC001_AccountRegistrationTest - Debug logs.
16:00:51.113 [main] org.testng.log4testng.Logger.info(Logger.java:112)eveô org.testng.internal.Utils - [TestNG] Time taken by org.testng.reporters.jq.Main@61e7bf2f: 52 ms
16:00:51.128 [main] org.testng.log4testng.Logger.info(Logger.java:112)eveô org.testng.internal.Utils - [TestNG] Time taken by org.testng.reporters.FailedReporter@719d35e8: 15 ms
16:00:51.136 [main] org.testng.log4testng.Logger.info(Logger.java:112)eveô org.testng.internal.Utils - [TestNG] Time taken by org.testng.reporters.XMLReporter@51a8313b: 8 ms
16:00:51.142 [main] org.testng.log4testng.Logger.info(Logger.java:112)eveô org.testng.internal.Utils - [TestNG] Time taken by org.testng.reporters.EmailableReporter2@7acfb656: 6 ms
16:00:51.148 [main] org.testng.log4testng.Logger.info(Logger.java:112)eveô org.testng.internal.Utils - [TestNG] Time taken by org.testng.reporters.JUnitReportReporter@52cb4f50: 6 ms
16:00:51.148 [main] org.testng.log4testng.Logger.info(Logger.java:112)eveô org.testng.internal.Utils - [TestNG] Time taken by org.testng.internal.ExitCodeListener@25a5c7db: 0 ms
16:01:29.383 [main] org.testng.log4testng.Logger.info(Logger.java:112)eveô org.testng.internal.Utils - [Utils] MethodGroupsHelper.collectMethodsByGroup() took 1 ms.
16:01:29.418 [main] org.testng.log4testng.Logger.info(Logger.java:112)eveô org.testng.internal.Utils - [Utils] MethodGroupsHelper.sortMethods() took 2 ms.
16:01:29.420 [main] org.testng.log4testng.Logger.info(Logger.java:112)eveô org.testng.internal.Utils - [Utils] MethodGroupsHelper.collectMethodsByGroup() took 0 ms.
16:01:29.421 [main] org.testng.log4testng.Logger.info(Logger.java:112)eveô org.testng.internal.Utils - [Utils] MethodGroupsHelper.sortMethods() took 0 ms.
16:01:29.421 [main] org.testng.log4testng.Logger.info(Logger.java:112)eveô org.testng.internal.Utils - [Utils] MethodGroupsHelper.collectMethodsByGroup() took 0 ms.
16:01:29.421 [main] org.testng.log4testng.Logger.info(Logger.java:112)eveô org.testng.internal.Utils - [Utils] MethodGroupsHelper.sortMethods() took 0 ms.
16:01:29.422 [main] org.testng.log4testng.Logger.info(Logger.java:112)eveô org.testng.internal.Utils - [Utils] MethodGroupsHelper.collectMethodsByGroup() took 0 ms.
16:01:29.422 [main] org.testng.log4testng.Logger.info(Logger.java:112)eveô org.testng.internal.Utils - [Utils] MethodGroupsHelper.sortMethods() took 0 ms.
16:01:29.427 [main] org.testng.log4testng.Logger.info(Logger.java:112)eveô org.testng.internal.Utils - [Utils] MethodGroupsHelper.collectMethodsByGroup() took 3 ms.
16:01:29.439 [main] org.testng.log4testng.Logger.info(Logger.java:112)eveô org.testng.internal.Utils - [Utils] MethodGroupsHelper.sortMethods() took 12 ms.
16:01:29.440 [main] org.testng.log4testng.Logger.info(Logger.java:112)eveô org.testng.internal.Utils - [Utils] MethodGroupsHelper.collectMethodsByGroup() took 0 ms.
16:01:29.441 [main] org.testng.log4testng.Logger.info(Logger.java:112)eveô org.testng.internal.Utils - [Utils] MethodGroupsHelper.sortMethods() took 0 ms.
16:01:29.441 [main] org.testng.log4testng.Logger.info(Logger.java:112)eveô org.testng.internal.Utils - [Utils] MethodGroupsHelper.collectMethodsByGroup() took 0 ms.
16:01:29.442 [main] org.testng.log4testng.Logger.info(Logger.java:112)eveô org.testng.internal.Utils - [Utils] MethodGroupsHelper.sortMethods() took 0 ms.
16:01:29.442 [main] org.testng.log4testng.Logger.info(Logger.java:112)eveô org.testng.internal.Utils - [Utils] MethodGroupsHelper.collectMethodsByGroup() took 0 ms.
16:01:29.442 [main] org.testng.log4testng.Logger.info(Logger.java:112)eveô org.testng.internal.Utils - [Utils] MethodGroupsHelper.sortMethods() took 0 ms.
16:01:29.445 [main] org.testng.log4testng.Logger.info(Logger.java:112)eveô org.testng.internal.Utils - [Utils] MethodGroupsHelper.collectMethodsByGroup() took 0 ms.
16:01:29.445 [main] org.testng.log4testng.Logger.info(Logger.java:112)eveô org.testng.internal.Utils - [Utils] MethodGroupsHelper.sortMethods() took 0 ms.
16:01:29.446 [main] org.testng.log4testng.Logger.info(Logger.java:112)eveô org.testng.internal.Utils - [Utils] MethodGroupsHelper.collectMethodsByGroup() took 0 ms.
16:01:29.446 [main] org.testng.log4testng.Logger.info(Logger.java:112)eveô org.testng.internal.Utils - [Utils] MethodGroupsHelper.sortMethods() took 0 ms.
16:01:29.449 [main] org.testng.log4testng.Logger.info(Logger.java:112)eveô org.testng.internal.Utils - [Utils] MethodGroupsHelper.collectMethodsByGroup() took 0 ms.
16:01:29.449 [main] org.testng.log4testng.Logger.info(Logger.java:112)eveô org.testng.internal.Utils - [Utils] MethodGroupsHelper.sortMethods() took 0 ms.
16:01:29.449 [main] org.testng.log4testng.Logger.info(Logger.java:112)eveô org.testng.internal.Utils - [Utils] MethodGroupsHelper.collectMethodsByGroup() took 0 ms.
16:01:29.450 [main] org.testng.log4testng.Logger.info(Logger.java:112)eveô org.testng.internal.Utils - [Utils] MethodGroupsHelper.sortMethods() took 0 ms.
16:01:29.451 [main] org.testng.log4testng.Logger.info(Logger.java:112)eveô org.testng.internal.Utils - [Utils] MethodGroupsHelper.collectMethodsByGroup() took 0 ms.
16:01:29.451 [main] org.testng.log4testng.Logger.info(Logger.java:112)eveô org.testng.internal.Utils - [Utils] MethodGroupsHelper.sortMethods() took 0 ms.
16:01:29.453 [main] org.testng.log4testng.Logger.info(Logger.java:112)eveô org.testng.internal.Utils - [Utils] MethodGroupsHelper.collectMethodsByGroup() took 0 ms.
16:01:29.453 [main] org.testng.log4testng.Logger.info(Logger.java:112)eveô org.testng.internal.Utils - [Utils] MethodGroupsHelper.sortMethods() took 0 ms.
16:01:29.453 [main] org.testng.log4testng.Logger.info(Logger.java:112)eveô org.testng.internal.Utils - [Utils] MethodGroupsHelper.collectMethodsByGroup() took 0 ms.
16:01:29.453 [main] org.testng.log4testng.Logger.info(Logger.java:112)eveô org.testng.internal.Utils - [Utils] MethodGroupsHelper.sortMethods() took 0 ms.
16:01:29.464 [main] org.testng.log4testng.Logger.info(Logger.java:112)eveô org.testng.internal.Utils - [TestNG] Running:
  C:\Users\User\AppData\Local\Temp\testng-eclipse-1539580793\testng-customsuite.xml

16:01:29.483 [main] org.testng.log4testng.Logger.info(Logger.java:112)eveô org.testng.internal.Utils - [Utils] DynamicGraphHelper.createDynamicGraph() took 3 ms.
16:01:33.147 [main] testCases.TC001_AccountRegistrationTest.verify_account_registration(TC001_AccountRegistrationTest.java:15)eveô testCases.TC001_AccountRegistrationTest - ***** Starting TC001_AccountRegistrationTest. *****
16:01:33.313 [main] testCases.TC001_AccountRegistrationTest.verify_account_registration(TC001_AccountRegistrationTest.java:21)eveô testCases.TC001_AccountRegistrationTest - Clicked on MyAccount Link.
16:01:34.100 [main] testCases.TC001_AccountRegistrationTest.verify_account_registration(TC001_AccountRegistrationTest.java:24)eveô testCases.TC001_AccountRegistrationTest - Clicked on Register Link.
16:01:34.102 [main] testCases.TC001_AccountRegistrationTest.verify_account_registration(TC001_AccountRegistrationTest.java:28)eveô testCases.TC001_AccountRegistrationTest - Providing customer's details...
16:01:35.881 [main] testCases.TC001_AccountRegistrationTest.verify_account_registration(TC001_AccountRegistrationTest.java:42)eveô testCases.TC001_AccountRegistrationTest - Validating expected message...
16:01:35.933 [main] testCases.TC001_AccountRegistrationTest.verify_account_registration(TC001_AccountRegistrationTest.java:51)eveô testCases.TC001_AccountRegistrationTest - Test failed.
16:01:36.239 [main] org.testng.log4testng.Logger.info(Logger.java:112)eveô org.testng.internal.Utils - [TestNG] Time taken by org.testng.reporters.jq.Main@61e7bf2f: 69 ms
16:01:36.257 [main] org.testng.log4testng.Logger.info(Logger.java:112)eveô org.testng.internal.Utils - [TestNG] Time taken by org.testng.reporters.FailedReporter@719d35e8: 17 ms
16:01:36.267 [main] org.testng.log4testng.Logger.info(Logger.java:112)eveô org.testng.internal.Utils - [TestNG] Time taken by org.testng.reporters.XMLReporter@51a8313b: 9 ms
16:01:36.275 [main] org.testng.log4testng.Logger.info(Logger.java:112)eveô org.testng.internal.Utils - [TestNG] Time taken by org.testng.reporters.EmailableReporter2@7acfb656: 8 ms
16:01:36.281 [main] org.testng.log4testng.Logger.info(Logger.java:112)eveô org.testng.internal.Utils - [TestNG] Time taken by org.testng.reporters.JUnitReportReporter@52cb4f50: 6 ms
16:01:36.282 [main] org.testng.log4testng.Logger.info(Logger.java:112)eveô org.testng.internal.Utils - [TestNG] Time taken by org.testng.internal.ExitCodeListener@25a5c7db: 0 ms
16:02:29.476 [main] org.testng.log4testng.Logger.debug(Logger.java:82)eveô org.testng.TestNG - suiteXmlPath: "C:\Users\User\AppData\Local\Temp\testng-eclipse--264598745\testng-customsuite.xml"
16:02:29.764 [main] org.testng.log4testng.Logger.info(Logger.java:112)eveô org.testng.internal.Utils - [Utils] MethodGroupsHelper.collectMethodsByGroup() took 0 ms.
16:02:29.767 [main] org.testng.log4testng.Logger.info(Logger.java:112)eveô org.testng.internal.Utils - [Utils] MethodGroupsHelper.sortMethods() took 1 ms.
16:02:29.769 [main] org.testng.log4testng.Logger.info(Logger.java:112)eveô org.testng.internal.Utils - [Utils] MethodGroupsHelper.collectMethodsByGroup() took 0 ms.
16:02:29.770 [main] org.testng.log4testng.Logger.info(Logger.java:112)eveô org.testng.internal.Utils - [Utils] MethodGroupsHelper.sortMethods() took 0 ms.
16:02:29.771 [main] org.testng.log4testng.Logger.info(Logger.java:112)eveô org.testng.internal.Utils - [Utils] MethodGroupsHelper.collectMethodsByGroup() took 0 ms.
16:02:29.771 [main] org.testng.log4testng.Logger.info(Logger.java:112)eveô org.testng.internal.Utils - [Utils] MethodGroupsHelper.sortMethods() took 0 ms.
16:02:29.772 [main] org.testng.log4testng.Logger.info(Logger.java:112)eveô org.testng.internal.Utils - [Utils] MethodGroupsHelper.collectMethodsByGroup() took 0 ms.
16:02:29.772 [main] org.testng.log4testng.Logger.info(Logger.java:112)eveô org.testng.internal.Utils - [Utils] MethodGroupsHelper.sortMethods() took 0 ms.
16:02:29.776 [main] org.testng.log4testng.Logger.info(Logger.java:112)eveô org.testng.internal.Utils - [Utils] MethodGroupsHelper.collectMethodsByGroup() took 1 ms.
16:02:29.789 [main] org.testng.log4testng.Logger.info(Logger.java:112)eveô org.testng.internal.Utils - [Utils] MethodGroupsHelper.sortMethods() took 11 ms.
16:02:29.790 [main] org.testng.log4testng.Logger.info(Logger.java:112)eveô org.testng.internal.Utils - [Utils] MethodGroupsHelper.collectMethodsByGroup() took 0 ms.
16:02:29.791 [main] org.testng.log4testng.Logger.info(Logger.java:112)eveô org.testng.internal.Utils - [Utils] MethodGroupsHelper.sortMethods() took 0 ms.
16:02:29.792 [main] org.testng.log4testng.Logger.info(Logger.java:112)eveô org.testng.internal.Utils - [Utils] MethodGroupsHelper.collectMethodsByGroup() took 0 ms.
16:02:29.792 [main] org.testng.log4testng.Logger.info(Logger.java:112)eveô org.testng.internal.Utils - [Utils] MethodGroupsHelper.sortMethods() took 0 ms.
16:02:29.793 [main] org.testng.log4testng.Logger.info(Logger.java:112)eveô org.testng.internal.Utils - [Utils] MethodGroupsHelper.collectMethodsByGroup() took 0 ms.
16:02:29.793 [main] org.testng.log4testng.Logger.info(Logger.java:112)eveô org.testng.internal.Utils - [Utils] MethodGroupsHelper.sortMethods() took 0 ms.
16:02:29.796 [main] org.testng.log4testng.Logger.info(Logger.java:112)eveô org.testng.internal.Utils - [Utils] MethodGroupsHelper.collectMethodsByGroup() took 0 ms.
16:02:29.797 [main] org.testng.log4testng.Logger.info(Logger.java:112)eveô org.testng.internal.Utils - [Utils] MethodGroupsHelper.sortMethods() took 0 ms.
16:02:29.797 [main] org.testng.log4testng.Logger.info(Logger.java:112)eveô org.testng.internal.Utils - [Utils] MethodGroupsHelper.collectMethodsByGroup() took 0 ms.
