09:52:31.810 [main] org.apache.poi.openxml4j.opc.PackageRelationshipCollection.parseRelationshipsPart(PackageRelationshipCollection.java:307)eveô org.apache.poi.openxml4j.opc.PackageRelationshipCollection - Parsing relationship: /_rels/.rels
09:52:31.855 [main] testCases.TC003_LoginDDT.verify_loginDDT(TC003_LoginDDT.java:17)eveô testCases.TC003_LoginDDT - ***** Starting TC003_LoginDDT. *****
09:52:31.984 [main] testCases.TC003_LoginDDT.verify_loginDDT(TC003_LoginDDT.java:24)eveô testCases.TC003_LoginDDT - Clicked on MyAccount Link.
09:52:32.416 [main] testCases.TC003_LoginDDT.verify_loginDDT(TC003_LoginDDT.java:27)eveô testCases.TC003_LoginDDT - Clicked on Login Link.
09:52:32.418 [main] testCases.TC003_LoginDDT.verify_loginDDT(TC003_LoginDDT.java:32)eveô testCases.TC003_LoginDDT - Filling in login credentials....
09:52:33.652 [main] testCases.TC003_LoginDDT.verify_loginDDT(TC003_LoginDDT.java:38)eveô testCases.TC003_LoginDDT - Validating expected message...
09:52:34.378 [main] testCases.TC003_LoginDDT.verify_loginDDT(TC003_LoginDDT.java:74)eveô testCases.TC003_LoginDDT - *****  Finished TC003_LoginDDT. *****
09:52:34.385 [main] testCases.TC003_LoginDDT.verify_loginDDT(TC003_LoginDDT.java:17)eveô testCases.TC003_LoginDDT - ***** Starting TC003_LoginDDT. *****
09:52:34.480 [main] testCases.TC003_LoginDDT.verify_loginDDT(TC003_LoginDDT.java:24)eveô testCases.TC003_LoginDDT - Clicked on MyAccount Link.
09:52:34.901 [main] testCases.TC003_LoginDDT.verify_loginDDT(TC003_LoginDDT.java:27)eveô testCases.TC003_LoginDDT - Clicked on Login Link.
09:52:34.902 [main] testCases.TC003_LoginDDT.verify_loginDDT(TC003_LoginDDT.java:32)eveô testCases.TC003_LoginDDT - Filling in login credentials....
09:52:35.237 [main] testCases.TC003_LoginDDT.verify_loginDDT(TC003_LoginDDT.java:38)eveô testCases.TC003_LoginDDT - Validating expected message...
09:52:45.286 [main] testCases.TC003_LoginDDT.verify_loginDDT(TC003_LoginDDT.java:74)eveô testCases.TC003_LoginDDT - *****  Finished TC003_LoginDDT. *****
09:52:45.291 [main] testCases.TC003_LoginDDT.verify_loginDDT(TC003_LoginDDT.java:17)eveô testCases.TC003_LoginDDT - ***** Starting TC003_LoginDDT. *****
09:52:45.448 [main] testCases.TC003_LoginDDT.verify_loginDDT(TC003_LoginDDT.java:24)eveô testCases.TC003_LoginDDT - Clicked on MyAccount Link.
09:52:45.827 [main] testCases.TC003_LoginDDT.verify_loginDDT(TC003_LoginDDT.java:27)eveô testCases.TC003_LoginDDT - Clicked on Login Link.
09:52:45.827 [main] testCases.TC003_LoginDDT.verify_loginDDT(TC003_LoginDDT.java:32)eveô testCases.TC003_LoginDDT - Filling in login credentials....
09:52:46.068 [main] testCases.TC003_LoginDDT.verify_loginDDT(TC003_LoginDDT.java:38)eveô testCases.TC003_LoginDDT - Validating expected message...
09:52:56.124 [main] testCases.TC003_LoginDDT.verify_loginDDT(TC003_LoginDDT.java:74)eveô testCases.TC003_LoginDDT - *****  Finished TC003_LoginDDT. *****
09:52:56.126 [main] testCases.TC003_LoginDDT.verify_loginDDT(TC003_LoginDDT.java:17)eveô testCases.TC003_LoginDDT - ***** Starting TC003_LoginDDT. *****
09:52:56.184 [main] testCases.TC003_LoginDDT.verify_loginDDT(TC003_LoginDDT.java:24)eveô testCases.TC003_LoginDDT - Clicked on MyAccount Link.
09:52:56.916 [main] testCases.TC003_LoginDDT.verify_loginDDT(TC003_LoginDDT.java:27)eveô testCases.TC003_LoginDDT - Clicked on Login Link.
09:52:56.917 [main] testCases.TC003_LoginDDT.verify_loginDDT(TC003_LoginDDT.java:32)eveô testCases.TC003_LoginDDT - Filling in login credentials....
09:52:57.128 [main] testCases.TC003_LoginDDT.verify_loginDDT(TC003_LoginDDT.java:38)eveô testCases.TC003_LoginDDT - Validating expected message...
09:53:07.829 [main] testCases.TC003_LoginDDT.verify_loginDDT(TC003_LoginDDT.java:74)eveô testCases.TC003_LoginDDT - *****  Finished TC003_LoginDDT. *****
09:53:07.837 [main] testCases.TC003_LoginDDT.verify_loginDDT(TC003_LoginDDT.java:17)eveô testCases.TC003_LoginDDT - ***** Starting TC003_LoginDDT. *****
09:53:07.905 [main] testCases.TC003_LoginDDT.verify_loginDDT(TC003_LoginDDT.java:24)eveô testCases.TC003_LoginDDT - Clicked on MyAccount Link.
09:53:08.576 [main] testCases.TC003_LoginDDT.verify_loginDDT(TC003_LoginDDT.java:27)eveô testCases.TC003_LoginDDT - Clicked on Login Link.
09:53:08.577 [main] testCases.TC003_LoginDDT.verify_loginDDT(TC003_LoginDDT.java:32)eveô testCases.TC003_LoginDDT - Filling in login credentials....
09:53:09.474 [main] testCases.TC003_LoginDDT.verify_loginDDT(TC003_LoginDDT.java:38)eveô testCases.TC003_LoginDDT - Validating expected message...
09:53:19.550 [main] testCases.TC003_LoginDDT.verify_loginDDT(TC003_LoginDDT.java:74)eveô testCases.TC003_LoginDDT - *****  Finished TC003_LoginDDT. *****
10:39:02.714 [main] org.testng.log4testng.Logger.debug(Logger.java:82)eveô org.testng.TestNG - suiteXmlPath: "C:\SeleniumWebdriver\opencart\grouping.xml"
10:39:03.034 [main] org.testng.log4testng.Logger.info(Logger.java:112)eveô org.testng.internal.Utils - [TestNG] Running:
  C:\SeleniumWebdriver\opencart\grouping.xml

10:39:06.537 [main] testCases.TC001_AccountRegistrationTest.verify_account_registration(TC001_AccountRegistrationTest.java:15)eveô testCases.TC001_AccountRegistrationTest - ***** Starting TC001_AccountRegistrationTest. *****
10:39:06.714 [main] testCases.TC001_AccountRegistrationTest.verify_account_registration(TC001_AccountRegistrationTest.java:21)eveô testCases.TC001_AccountRegistrationTest - Clicked on MyAccount Link.
10:39:07.413 [main] testCases.TC001_AccountRegistrationTest.verify_account_registration(TC001_AccountRegistrationTest.java:24)eveô testCases.TC001_AccountRegistrationTest - Clicked on Register Link.
10:39:07.415 [main] testCases.TC001_AccountRegistrationTest.verify_account_registration(TC001_AccountRegistrationTest.java:28)eveô testCases.TC001_AccountRegistrationTest - Providing customer's details...
10:39:09.023 [main] testCases.TC001_AccountRegistrationTest.verify_account_registration(TC001_AccountRegistrationTest.java:42)eveô testCases.TC001_AccountRegistrationTest - Validating expected message...
10:39:09.077 [main] testCases.TC001_AccountRegistrationTest.verify_account_registration(TC001_AccountRegistrationTest.java:71)eveô testCases.TC001_AccountRegistrationTest - ***** Finished TC001_AccountRegistrationTest
10:39:11.989 [main] testCases.TC002_LoginTest.verify_login(TC002_LoginTest.java:16)eveô testCases.TC002_LoginTest - ***** Starting TC002_LoginTest. *****
10:39:12.136 [main] testCases.TC002_LoginTest.verify_login(TC002_LoginTest.java:22)eveô testCases.TC002_LoginTest - Clicked on MyAccount Link.
10:39:12.647 [main] testCases.TC002_LoginTest.verify_login(TC002_LoginTest.java:25)eveô testCases.TC002_LoginTest - Clicked on Login Link.
10:39:12.648 [main] testCases.TC002_LoginTest.verify_login(TC002_LoginTest.java:30)eveô testCases.TC002_LoginTest - Filling in login credentials....
10:39:13.860 [main] testCases.TC002_LoginTest.verify_login(TC002_LoginTest.java:36)eveô testCases.TC002_LoginTest - Validating expected message...
10:39:13.914 [main] testCases.TC002_LoginTest.verify_login(TC002_LoginTest.java:47)eveô testCases.TC002_LoginTest - *****  Finished TC002_LoginTest. *****
15:30:21.359 [main] org.testng.log4testng.Logger.debug(Logger.java:82)eveô org.testng.TestNG - suiteXmlPath: "C:\SeleniumWebdriver\opencart\grouping.xml"
15:31:03.228 [main] org.testng.log4testng.Logger.debug(Logger.java:82)eveô org.testng.TestNG - suiteXmlPath: "C:\SeleniumWebdriver\opencart\grouping.xml"
15:31:03.560 [main] org.testng.log4testng.Logger.info(Logger.java:112)eveô org.testng.internal.Utils - [TestNG] Running:
  C:\SeleniumWebdriver\opencart\grouping.xml

15:31:08.152 [main] testCases.TC001_AccountRegistrationTest.verify_account_registration(TC001_AccountRegistrationTest.java:15)eveô testCases.TC001_AccountRegistrationTest - ***** Starting TC001_AccountRegistrationTest. *****
15:31:08.328 [main] testCases.TC001_AccountRegistrationTest.verify_account_registration(TC001_AccountRegistrationTest.java:21)eveô testCases.TC001_AccountRegistrationTest - Clicked on MyAccount Link.
15:31:09.047 [main] testCases.TC001_AccountRegistrationTest.verify_account_registration(TC001_AccountRegistrationTest.java:24)eveô testCases.TC001_AccountRegistrationTest - Clicked on Register Link.
15:31:09.050 [main] testCases.TC001_AccountRegistrationTest.verify_account_registration(TC001_AccountRegistrationTest.java:28)eveô testCases.TC001_AccountRegistrationTest - Providing customer's details...
15:31:10.652 [main] testCases.TC001_AccountRegistrationTest.verify_account_registration(TC001_AccountRegistrationTest.java:42)eveô testCases.TC001_AccountRegistrationTest - Validating expected message...
15:31:10.707 [main] testCases.TC001_AccountRegistrationTest.verify_account_registration(TC001_AccountRegistrationTest.java:71)eveô testCases.TC001_AccountRegistrationTest - ***** Finished TC001_AccountRegistrationTest
15:31:13.735 [main] testCases.TC002_LoginTest.verify_login(TC002_LoginTest.java:16)eveô testCases.TC002_LoginTest - ***** Starting TC002_LoginTest. *****
15:31:13.886 [main] testCases.TC002_LoginTest.verify_login(TC002_LoginTest.java:22)eveô testCases.TC002_LoginTest - Clicked on MyAccount Link.
15:31:14.346 [main] testCases.TC002_LoginTest.verify_login(TC002_LoginTest.java:25)eveô testCases.TC002_LoginTest - Clicked on Login Link.
15:31:14.348 [main] testCases.TC002_LoginTest.verify_login(TC002_LoginTest.java:30)eveô testCases.TC002_LoginTest - Filling in login credentials....
15:31:14.650 [main] testCases.TC002_LoginTest.verify_login(TC002_LoginTest.java:36)eveô testCases.TC002_LoginTest - Validating expected message...
15:31:15.696 [main] testCases.TC002_LoginTest.verify_login(TC002_LoginTest.java:47)eveô testCases.TC002_LoginTest - *****  Finished TC002_LoginTest. *****
15:32:45.397 [main] org.testng.log4testng.Logger.debug(Logger.java:82)eveô org.testng.TestNG - suiteXmlPath: "C:\SeleniumWebdriver\opencart\grouping.xml"
15:32:45.733 [main] org.testng.log4testng.Logger.info(Logger.java:112)eveô org.testng.internal.Utils - [TestNG] Running:
  C:\SeleniumWebdriver\opencart\grouping.xml

15:32:49.335 [main] testCases.TC001_AccountRegistrationTest.verify_account_registration(TC001_AccountRegistrationTest.java:15)eveô testCases.TC001_AccountRegistrationTest - ***** Starting TC001_AccountRegistrationTest. *****
15:32:49.512 [main] testCases.TC001_AccountRegistrationTest.verify_account_registration(TC001_AccountRegistrationTest.java:21)eveô testCases.TC001_AccountRegistrationTest - Clicked on MyAccount Link.
15:32:50.276 [main] testCases.TC001_AccountRegistrationTest.verify_account_registration(TC001_AccountRegistrationTest.java:24)eveô testCases.TC001_AccountRegistrationTest - Clicked on Register Link.
15:32:50.278 [main] testCases.TC001_AccountRegistrationTest.verify_account_registration(TC001_AccountRegistrationTest.java:28)eveô testCases.TC001_AccountRegistrationTest - Providing customer's details...
15:32:51.856 [main] testCases.TC001_AccountRegistrationTest.verify_account_registration(TC001_AccountRegistrationTest.java:42)eveô testCases.TC001_AccountRegistrationTest - Validating expected message...
15:32:51.912 [main] testCases.TC001_AccountRegistrationTest.verify_account_registration(TC001_AccountRegistrationTest.java:71)eveô testCases.TC001_AccountRegistrationTest - ***** Finished TC001_AccountRegistrationTest
15:32:55.419 [main] testCases.TC002_LoginTest.verify_login(TC002_LoginTest.java:16)eveô testCases.TC002_LoginTest - ***** Starting TC002_LoginTest. *****
15:32:55.565 [main] testCases.TC002_LoginTest.verify_login(TC002_LoginTest.java:22)eveô testCases.TC002_LoginTest - Clicked on MyAccount Link.
15:32:56.014 [main] testCases.TC002_LoginTest.verify_login(TC002_LoginTest.java:25)eveô testCases.TC002_LoginTest - Clicked on Login Link.
15:32:56.015 [main] testCases.TC002_LoginTest.verify_login(TC002_LoginTest.java:30)eveô testCases.TC002_LoginTest - Filling in login credentials....
15:32:56.335 [main] testCases.TC002_LoginTest.verify_login(TC002_LoginTest.java:36)eveô testCases.TC002_LoginTest - Validating expected message...
15:32:57.305 [main] testCases.TC002_LoginTest.verify_login(TC002_LoginTest.java:47)eveô testCases.TC002_LoginTest - *****  Finished TC002_LoginTest. *****
15:35:08.588 [main] org.testng.log4testng.Logger.debug(Logger.java:82)eveô org.testng.TestNG - suiteXmlPath: "C:\SeleniumWebdriver\opencart\grouping.xml"
15:35:08.924 [main] org.testng.log4testng.Logger.info(Logger.java:112)eveô org.testng.internal.Utils - [TestNG] Running:
  C:\SeleniumWebdriver\opencart\grouping.xml

15:35:13.376 [main] testCases.TC001_AccountRegistrationTest.verify_account_registration(TC001_AccountRegistrationTest.java:15)eveô testCases.TC001_AccountRegistrationTest - ***** Starting TC001_AccountRegistrationTest. *****
15:35:13.544 [main] testCases.TC001_AccountRegistrationTest.verify_account_registration(TC001_AccountRegistrationTest.java:21)eveô testCases.TC001_AccountRegistrationTest - Clicked on MyAccount Link.
15:35:14.263 [main] testCases.TC001_AccountRegistrationTest.verify_account_registration(TC001_AccountRegistrationTest.java:24)eveô testCases.TC001_AccountRegistrationTest - Clicked on Register Link.
15:35:14.266 [main] testCases.TC001_AccountRegistrationTest.verify_account_registration(TC001_AccountRegistrationTest.java:28)eveô testCases.TC001_AccountRegistrationTest - Providing customer's details...
15:35:15.842 [main] testCases.TC001_AccountRegistrationTest.verify_account_registration(TC001_AccountRegistrationTest.java:42)eveô testCases.TC001_AccountRegistrationTest - Validating expected message...
15:35:15.898 [main] testCases.TC001_AccountRegistrationTest.verify_account_registration(TC001_AccountRegistrationTest.java:71)eveô testCases.TC001_AccountRegistrationTest - ***** Finished TC001_AccountRegistrationTest
15:35:18.949 [main] testCases.TC002_LoginTest.verify_login(TC002_LoginTest.java:16)eveô testCases.TC002_LoginTest - ***** Starting TC002_LoginTest. *****
15:35:19.104 [main] testCases.TC002_LoginTest.verify_login(TC002_LoginTest.java:22)eveô testCases.TC002_LoginTest - Clicked on MyAccount Link.
15:35:19.545 [main] testCases.TC002_LoginTest.verify_login(TC002_LoginTest.java:25)eveô testCases.TC002_LoginTest - Clicked on Login Link.
15:35:19.547 [main] testCases.TC002_LoginTest.verify_login(TC002_LoginTest.java:30)eveô testCases.TC002_LoginTest - Filling in login credentials....
15:35:19.859 [main] testCases.TC002_LoginTest.verify_login(TC002_LoginTest.java:36)eveô testCases.TC002_LoginTest - Validating expected message...
15:35:20.920 [main] testCases.TC002_LoginTest.verify_login(TC002_LoginTest.java:47)eveô testCases.TC002_LoginTest - *****  Finished TC002_LoginTest. *****
15:37:07.044 [main] org.testng.log4testng.Logger.debug(Logger.java:82)eveô org.testng.TestNG - suiteXmlPath: "C:\SeleniumWebdriver\opencart\grouping.xml"
15:37:07.391 [main] org.testng.log4testng.Logger.info(Logger.java:112)eveô org.testng.internal.Utils - [TestNG] Running:
  C:\SeleniumWebdriver\opencart\grouping.xml

15:37:11.327 [main] testCases.TC001_AccountRegistrationTest.verify_account_registration(TC001_AccountRegistrationTest.java:15)eveô testCases.TC001_AccountRegistrationTest - ***** Starting TC001_AccountRegistrationTest. *****
15:37:11.507 [main] testCases.TC001_AccountRegistrationTest.verify_account_registration(TC001_AccountRegistrationTest.java:21)eveô testCases.TC001_AccountRegistrationTest - Clicked on MyAccount Link.
15:37:12.191 [main] testCases.TC001_AccountRegistrationTest.verify_account_registration(TC001_AccountRegistrationTest.java:24)eveô testCases.TC001_AccountRegistrationTest - Clicked on Register Link.
15:37:12.196 [main] testCases.TC001_AccountRegistrationTest.verify_account_registration(TC001_AccountRegistrationTest.java:28)eveô testCases.TC001_AccountRegistrationTest - Providing customer's details...
15:37:13.740 [main] testCases.TC001_AccountRegistrationTest.verify_account_registration(TC001_AccountRegistrationTest.java:42)eveô testCases.TC001_AccountRegistrationTest - Validating expected message...
15:37:13.792 [main] testCases.TC001_AccountRegistrationTest.verify_account_registration(TC001_AccountRegistrationTest.java:71)eveô testCases.TC001_AccountRegistrationTest - ***** Finished TC001_AccountRegistrationTest
15:37:16.918 [main] testCases.TC002_LoginTest.verify_login(TC002_LoginTest.java:16)eveô testCases.TC002_LoginTest - ***** Starting TC002_LoginTest. *****
15:37:17.073 [main] testCases.TC002_LoginTest.verify_login(TC002_LoginTest.java:22)eveô testCases.TC002_LoginTest - Clicked on MyAccount Link.
15:37:17.560 [main] testCases.TC002_LoginTest.verify_login(TC002_LoginTest.java:25)eveô testCases.TC002_LoginTest - Clicked on Login Link.
15:37:17.562 [main] testCases.TC002_LoginTest.verify_login(TC002_LoginTest.java:30)eveô testCases.TC002_LoginTest - Filling in login credentials....
15:37:17.866 [main] testCases.TC002_LoginTest.verify_login(TC002_LoginTest.java:36)eveô testCases.TC002_LoginTest - Validating expected message...
15:40:43.117 [main] org.testng.log4testng.Logger.debug(Logger.java:82)eveô org.testng.TestNG - suiteXmlPath: "C:\SeleniumWebdriver\opencart\grouping.xml"
15:40:43.433 [main] org.testng.log4testng.Logger.info(Logger.java:112)eveô org.testng.internal.Utils - [TestNG] Running:
  C:\SeleniumWebdriver\opencart\grouping.xml

15:40:47.017 [main] testCases.TC001_AccountRegistrationTest.verify_account_registration(TC001_AccountRegistrationTest.java:15)eveô testCases.TC001_AccountRegistrationTest - ***** Starting TC001_AccountRegistrationTest. *****
15:40:47.172 [main] testCases.TC001_AccountRegistrationTest.verify_account_registration(TC001_AccountRegistrationTest.java:21)eveô testCases.TC001_AccountRegistrationTest - Clicked on MyAccount Link.
15:40:47.919 [main] testCases.TC001_AccountRegistrationTest.verify_account_registration(TC001_AccountRegistrationTest.java:24)eveô testCases.TC001_AccountRegistrationTest - Clicked on Register Link.
15:40:47.921 [main] testCases.TC001_AccountRegistrationTest.verify_account_registration(TC001_AccountRegistrationTest.java:28)eveô testCases.TC001_AccountRegistrationTest - Providing customer's details...
15:40:49.473 [main] testCases.TC001_AccountRegistrationTest.verify_account_registration(TC001_AccountRegistrationTest.java:42)eveô testCases.TC001_AccountRegistrationTest - Validating expected message...
15:40:49.526 [main] testCases.TC001_AccountRegistrationTest.verify_account_registration(TC001_AccountRegistrationTest.java:71)eveô testCases.TC001_AccountRegistrationTest - ***** Finished TC001_AccountRegistrationTest
15:40:52.479 [main] testCases.TC002_LoginTest.verify_login(TC002_LoginTest.java:16)eveô testCases.TC002_LoginTest - ***** Starting TC002_LoginTest. *****
15:40:52.617 [main] testCases.TC002_LoginTest.verify_login(TC002_LoginTest.java:22)eveô testCases.TC002_LoginTest - Clicked on MyAccount Link.
15:40:53.049 [main] testCases.TC002_LoginTest.verify_login(TC002_LoginTest.java:25)eveô testCases.TC002_LoginTest - Clicked on Login Link.
15:40:53.051 [main] testCases.TC002_LoginTest.verify_login(TC002_LoginTest.java:30)eveô testCases.TC002_LoginTest - Filling in login credentials....
15:40:53.362 [main] testCases.TC002_LoginTest.verify_login(TC002_LoginTest.java:36)eveô testCases.TC002_LoginTest - Validating expected message...
15:46:57.009 [main] org.testng.log4testng.Logger.debug(Logger.java:82)eveô org.testng.TestNG - suiteXmlPath: "C:\SeleniumWebdriver\opencart\grouping.xml"
15:46:57.317 [main] org.testng.log4testng.Logger.info(Logger.java:112)eveô org.testng.internal.Utils - [TestNG] Running:
  C:\SeleniumWebdriver\opencart\grouping.xml

15:47:00.991 [main] testCases.TC001_AccountRegistrationTest.verify_account_registration(TC001_AccountRegistrationTest.java:15)eveô testCases.TC001_AccountRegistrationTest - ***** Starting TC001_AccountRegistrationTest. *****
15:47:01.165 [main] testCases.TC001_AccountRegistrationTest.verify_account_registration(TC001_AccountRegistrationTest.java:21)eveô testCases.TC001_AccountRegistrationTest - Clicked on MyAccount Link.
15:47:01.833 [main] testCases.TC001_AccountRegistrationTest.verify_account_registration(TC001_AccountRegistrationTest.java:24)eveô testCases.TC001_AccountRegistrationTest - Clicked on Register Link.
15:47:01.836 [main] testCases.TC001_AccountRegistrationTest.verify_account_registration(TC001_AccountRegistrationTest.java:28)eveô testCases.TC001_AccountRegistrationTest - Providing customer's details...
15:47:03.396 [main] testCases.TC001_AccountRegistrationTest.verify_account_registration(TC001_AccountRegistrationTest.java:42)eveô testCases.TC001_AccountRegistrationTest - Validating expected message...
15:47:03.450 [main] testCases.TC001_AccountRegistrationTest.verify_account_registration(TC001_AccountRegistrationTest.java:71)eveô testCases.TC001_AccountRegistrationTest - ***** Finished TC001_AccountRegistrationTest
15:47:09.550 [main] testCases.TC002_LoginTest.verify_login(TC002_LoginTest.java:16)eveô testCases.TC002_LoginTest - ***** Starting TC002_LoginTest. *****
15:47:09.704 [main] testCases.TC002_LoginTest.verify_login(TC002_LoginTest.java:22)eveô testCases.TC002_LoginTest - Clicked on MyAccount Link.
15:47:10.146 [main] testCases.TC002_LoginTest.verify_login(TC002_LoginTest.java:25)eveô testCases.TC002_LoginTest - Clicked on Login Link.
15:47:10.147 [main] testCases.TC002_LoginTest.verify_login(TC002_LoginTest.java:30)eveô testCases.TC002_LoginTest - Filling in login credentials....
15:47:10.464 [main] testCases.TC002_LoginTest.verify_login(TC002_LoginTest.java:36)eveô testCases.TC002_LoginTest - Validating expected message...
15:49:57.086 [main] org.testng.log4testng.Logger.debug(Logger.java:82)eveô org.testng.TestNG - suiteXmlPath: "C:\SeleniumWebdriver\opencart\grouping.xml"
15:49:57.404 [main] org.testng.log4testng.Logger.info(Logger.java:112)eveô org.testng.internal.Utils - [TestNG] Running:
  C:\SeleniumWebdriver\opencart\grouping.xml

15:50:01.282 [main] testCases.TC001_AccountRegistrationTest.verify_account_registration(TC001_AccountRegistrationTest.java:15)eveô testCases.TC001_AccountRegistrationTest - ***** Starting TC001_AccountRegistrationTest. *****
15:50:01.436 [main] testCases.TC001_AccountRegistrationTest.verify_account_registration(TC001_AccountRegistrationTest.java:21)eveô testCases.TC001_AccountRegistrationTest - Clicked on MyAccount Link.
15:50:03.098 [main] testCases.TC001_AccountRegistrationTest.verify_account_registration(TC001_AccountRegistrationTest.java:24)eveô testCases.TC001_AccountRegistrationTest - Clicked on Register Link.
15:50:03.100 [main] testCases.TC001_AccountRegistrationTest.verify_account_registration(TC001_AccountRegistrationTest.java:28)eveô testCases.TC001_AccountRegistrationTest - Providing customer's details...
15:50:03.757 [main] testCases.TC001_AccountRegistrationTest.verify_account_registration(TC001_AccountRegistrationTest.java:42)eveô testCases.TC001_AccountRegistrationTest - Validating expected message...
15:50:06.829 [main] testCases.TC001_AccountRegistrationTest.verify_account_registration(TC001_AccountRegistrationTest.java:71)eveô testCases.TC001_AccountRegistrationTest - ***** Finished TC001_AccountRegistrationTest
15:50:09.801 [main] testCases.TC002_LoginTest.verify_login(TC002_LoginTest.java:16)eveô testCases.TC002_LoginTest - ***** Starting TC002_LoginTest. *****
15:50:09.953 [main] testCases.TC002_LoginTest.verify_login(TC002_LoginTest.java:22)eveô testCases.TC002_LoginTest - Clicked on MyAccount Link.
15:50:10.370 [main] testCases.TC002_LoginTest.verify_login(TC002_LoginTest.java:25)eveô testCases.TC002_LoginTest - Clicked on Login Link.
15:50:10.372 [main] testCases.TC002_LoginTest.verify_login(TC002_LoginTest.java:30)eveô testCases.TC002_LoginTest - Filling in login credentials....
15:50:10.681 [main] testCases.TC002_LoginTest.verify_login(TC002_LoginTest.java:36)eveô testCases.TC002_LoginTest - Validating expected message...
15:56:39.680 [main] org.testng.log4testng.Logger.debug(Logger.java:82)eveô org.testng.TestNG - suiteXmlPath: "C:\SeleniumWebdriver\opencart\grouping.xml"
15:56:40.006 [main] org.testng.log4testng.Logger.info(Logger.java:112)eveô org.testng.internal.Utils - [TestNG] Running:
  C:\SeleniumWebdriver\opencart\grouping.xml

15:56:43.625 [main] testCases.TC001_AccountRegistrationTest.verify_account_registration(TC001_AccountRegistrationTest.java:15)eveô testCases.TC001_AccountRegistrationTest - ***** Starting TC001_AccountRegistrationTest. *****
15:56:43.794 [main] testCases.TC001_AccountRegistrationTest.verify_account_registration(TC001_AccountRegistrationTest.java:21)eveô testCases.TC001_AccountRegistrationTest - Clicked on MyAccount Link.
15:56:44.568 [main] testCases.TC001_AccountRegistrationTest.verify_account_registration(TC001_AccountRegistrationTest.java:24)eveô testCases.TC001_AccountRegistrationTest - Clicked on Register Link.
15:56:44.571 [main] testCases.TC001_AccountRegistrationTest.verify_account_registration(TC001_AccountRegistrationTest.java:28)eveô testCases.TC001_AccountRegistrationTest - Providing customer's details...
15:56:46.153 [main] testCases.TC001_AccountRegistrationTest.verify_account_registration(TC001_AccountRegistrationTest.java:42)eveô testCases.TC001_AccountRegistrationTest - Validating expected message...
15:56:46.207 [main] testCases.TC001_AccountRegistrationTest.verify_account_registration(TC001_AccountRegistrationTest.java:71)eveô testCases.TC001_AccountRegistrationTest - ***** Finished TC001_AccountRegistrationTest
15:56:52.685 [main] testCases.TC002_LoginTest.verify_login(TC002_LoginTest.java:16)eveô testCases.TC002_LoginTest - ***** Starting TC002_LoginTest. *****
15:56:52.829 [main] testCases.TC002_LoginTest.verify_login(TC002_LoginTest.java:22)eveô testCases.TC002_LoginTest - Clicked on MyAccount Link.
15:56:53.249 [main] testCases.TC002_LoginTest.verify_login(TC002_LoginTest.java:25)eveô testCases.TC002_LoginTest - Clicked on Login Link.
15:56:53.251 [main] testCases.TC002_LoginTest.verify_login(TC002_LoginTest.java:30)eveô testCases.TC002_LoginTest - Filling in login credentials....
15:56:53.569 [main] testCases.TC002_LoginTest.verify_login(TC002_LoginTest.java:36)eveô testCases.TC002_LoginTest - Validating expected message...
16:00:47.081 [main] org.testng.log4testng.Logger.debug(Logger.java:82)eveô org.testng.TestNG - suiteXmlPath: "C:\SeleniumWebdriver\opencart\grouping.xml"
16:00:47.415 [main] org.testng.log4testng.Logger.info(Logger.java:112)eveô org.testng.internal.Utils - [TestNG] Running:
  C:\SeleniumWebdriver\opencart\grouping.xml

16:00:51.001 [main] testCases.TC001_AccountRegistrationTest.verify_account_registration(TC001_AccountRegistrationTest.java:15)eveô testCases.TC001_AccountRegistrationTest - ***** Starting TC001_AccountRegistrationTest. *****
16:00:51.173 [main] testCases.TC001_AccountRegistrationTest.verify_account_registration(TC001_AccountRegistrationTest.java:21)eveô testCases.TC001_AccountRegistrationTest - Clicked on MyAccount Link.
16:00:51.864 [main] testCases.TC001_AccountRegistrationTest.verify_account_registration(TC001_AccountRegistrationTest.java:24)eveô testCases.TC001_AccountRegistrationTest - Clicked on Register Link.
16:00:51.866 [main] testCases.TC001_AccountRegistrationTest.verify_account_registration(TC001_AccountRegistrationTest.java:28)eveô testCases.TC001_AccountRegistrationTest - Providing customer's details...
16:00:54.452 [main] testCases.TC001_AccountRegistrationTest.verify_account_registration(TC001_AccountRegistrationTest.java:42)eveô testCases.TC001_AccountRegistrationTest - Validating expected message...
16:00:54.503 [main] testCases.TC001_AccountRegistrationTest.verify_account_registration(TC001_AccountRegistrationTest.java:71)eveô testCases.TC001_AccountRegistrationTest - ***** Finished TC001_AccountRegistrationTest
16:00:57.521 [main] testCases.TC002_LoginTest.verify_login(TC002_LoginTest.java:16)eveô testCases.TC002_LoginTest - ***** Starting TC002_LoginTest. *****
16:00:57.663 [main] testCases.TC002_LoginTest.verify_login(TC002_LoginTest.java:22)eveô testCases.TC002_LoginTest - Clicked on MyAccount Link.
16:00:58.090 [main] testCases.TC002_LoginTest.verify_login(TC002_LoginTest.java:25)eveô testCases.TC002_LoginTest - Clicked on Login Link.
16:00:58.091 [main] testCases.TC002_LoginTest.verify_login(TC002_LoginTest.java:30)eveô testCases.TC002_LoginTest - Filling in login credentials....
16:00:58.405 [main] testCases.TC002_LoginTest.verify_login(TC002_LoginTest.java:36)eveô testCases.TC002_LoginTest - Validating expected message...
16:03:00.892 [main] org.testng.log4testng.Logger.debug(Logger.java:82)eveô org.testng.TestNG - suiteXmlPath: "C:\SeleniumWebdriver\opencart\grouping.xml"
16:03:01.228 [main] org.testng.log4testng.Logger.info(Logger.java:112)eveô org.testng.internal.Utils - [TestNG] Running:
  C:\SeleniumWebdriver\opencart\grouping.xml

16:03:05.043 [main] testCases.TC001_AccountRegistrationTest.verify_account_registration(TC001_AccountRegistrationTest.java:15)eveô testCases.TC001_AccountRegistrationTest - ***** Starting TC001_AccountRegistrationTest. *****
16:03:05.206 [main] testCases.TC001_AccountRegistrationTest.verify_account_registration(TC001_AccountRegistrationTest.java:21)eveô testCases.TC001_AccountRegistrationTest - Clicked on MyAccount Link.
16:03:05.887 [main] testCases.TC001_AccountRegistrationTest.verify_account_registration(TC001_AccountRegistrationTest.java:24)eveô testCases.TC001_AccountRegistrationTest - Clicked on Register Link.
16:03:05.890 [main] testCases.TC001_AccountRegistrationTest.verify_account_registration(TC001_AccountRegistrationTest.java:28)eveô testCases.TC001_AccountRegistrationTest - Providing customer's details...
16:03:07.562 [main] testCases.TC001_AccountRegistrationTest.verify_account_registration(TC001_AccountRegistrationTest.java:42)eveô testCases.TC001_AccountRegistrationTest - Validating expected message...
16:03:07.615 [main] testCases.TC001_AccountRegistrationTest.verify_account_registration(TC001_AccountRegistrationTest.java:71)eveô testCases.TC001_AccountRegistrationTest - ***** Finished TC001_AccountRegistrationTest
16:03:10.449 [main] testCases.TC002_LoginTest.verify_login(TC002_LoginTest.java:16)eveô testCases.TC002_LoginTest - ***** Starting TC002_LoginTest. *****
16:03:10.594 [main] testCases.TC002_LoginTest.verify_login(TC002_LoginTest.java:22)eveô testCases.TC002_LoginTest - Clicked on MyAccount Link.
16:03:11.220 [main] testCases.TC002_LoginTest.verify_login(TC002_LoginTest.java:25)eveô testCases.TC002_LoginTest - Clicked on Login Link.
16:03:11.222 [main] testCases.TC002_LoginTest.verify_login(TC002_LoginTest.java:30)eveô testCases.TC002_LoginTest - Filling in login credentials....
16:03:11.537 [main] testCases.TC002_LoginTest.verify_login(TC002_LoginTest.java:36)eveô testCases.TC002_LoginTest - Validating expected message...
16:06:37.338 [main] org.testng.log4testng.Logger.debug(Logger.java:82)eveô org.testng.TestNG - suiteXmlPath: "C:\SeleniumWebdriver\opencart\grouping.xml"
16:06:37.692 [main] org.testng.log4testng.Logger.info(Logger.java:112)eveô org.testng.internal.Utils - [TestNG] Running:
  C:\SeleniumWebdriver\opencart\grouping.xml

16:06:41.546 [main] testCases.TC001_AccountRegistrationTest.verify_account_registration(TC001_AccountRegistrationTest.java:15)eveô testCases.TC001_AccountRegistrationTest - ***** Starting TC001_AccountRegistrationTest. *****
16:06:41.715 [main] testCases.TC001_AccountRegistrationTest.verify_account_registration(TC001_AccountRegistrationTest.java:21)eveô testCases.TC001_AccountRegistrationTest - Clicked on MyAccount Link.
16:06:42.383 [main] testCases.TC001_AccountRegistrationTest.verify_account_registration(TC001_AccountRegistrationTest.java:24)eveô testCases.TC001_AccountRegistrationTest - Clicked on Register Link.
16:06:42.385 [main] testCases.TC001_AccountRegistrationTest.verify_account_registration(TC001_AccountRegistrationTest.java:28)eveô testCases.TC001_AccountRegistrationTest - Providing customer's details...
16:06:43.935 [main] testCases.TC001_AccountRegistrationTest.verify_account_registration(TC001_AccountRegistrationTest.java:42)eveô testCases.TC001_AccountRegistrationTest - Validating expected message...
16:06:43.991 [main] testCases.TC001_AccountRegistrationTest.verify_account_registration(TC001_AccountRegistrationTest.java:71)eveô testCases.TC001_AccountRegistrationTest - ***** Finished TC001_AccountRegistrationTest
16:06:46.891 [main] testCases.TC002_LoginTest.verify_login(TC002_LoginTest.java:16)eveô testCases.TC002_LoginTest - ***** Starting TC002_LoginTest. *****
16:06:47.044 [main] testCases.TC002_LoginTest.verify_login(TC002_LoginTest.java:22)eveô testCases.TC002_LoginTest - Clicked on MyAccount Link.
16:06:47.511 [main] testCases.TC002_LoginTest.verify_login(TC002_LoginTest.java:25)eveô testCases.TC002_LoginTest - Clicked on Login Link.
16:06:47.512 [main] testCases.TC002_LoginTest.verify_login(TC002_LoginTest.java:30)eveô testCases.TC002_LoginTest - Filling in login credentials....
16:06:47.833 [main] testCases.TC002_LoginTest.verify_login(TC002_LoginTest.java:36)eveô testCases.TC002_LoginTest - Validating expected message...
16:07:42.128 [main] org.testng.log4testng.Logger.debug(Logger.java:82)eveô org.testng.TestNG - suiteXmlPath: "C:\SeleniumWebdriver\opencart\grouping.xml"
16:07:42.469 [main] org.testng.log4testng.Logger.info(Logger.java:112)eveô org.testng.internal.Utils - [TestNG] Running:
  C:\SeleniumWebdriver\opencart\grouping.xml

16:07:47.623 [main] testCases.TC001_AccountRegistrationTest.verify_account_registration(TC001_AccountRegistrationTest.java:15)eveô testCases.TC001_AccountRegistrationTest - ***** Starting TC001_AccountRegistrationTest. *****
16:07:47.785 [main] testCases.TC001_AccountRegistrationTest.verify_account_registration(TC001_AccountRegistrationTest.java:21)eveô testCases.TC001_AccountRegistrationTest - Clicked on MyAccount Link.
16:07:49.033 [main] testCases.TC001_AccountRegistrationTest.verify_account_registration(TC001_AccountRegistrationTest.java:24)eveô testCases.TC001_AccountRegistrationTest - Clicked on Register Link.
16:07:49.035 [main] testCases.TC001_AccountRegistrationTest.verify_account_registration(TC001_AccountRegistrationTest.java:28)eveô testCases.TC001_AccountRegistrationTest - Providing customer's details...
16:07:49.703 [main] testCases.TC001_AccountRegistrationTest.verify_account_registration(TC001_AccountRegistrationTest.java:42)eveô testCases.TC001_AccountRegistrationTest - Validating expected message...
16:07:50.639 [main] testCases.TC001_AccountRegistrationTest.verify_account_registration(TC001_AccountRegistrationTest.java:71)eveô testCases.TC001_AccountRegistrationTest - ***** Finished TC001_AccountRegistrationTest
16:07:53.681 [main] testCases.TC002_LoginTest.verify_login(TC002_LoginTest.java:16)eveô testCases.TC002_LoginTest - ***** Starting TC002_LoginTest. *****
16:07:53.822 [main] testCases.TC002_LoginTest.verify_login(TC002_LoginTest.java:22)eveô testCases.TC002_LoginTest - Clicked on MyAccount Link.
16:07:54.268 [main] testCases.TC002_LoginTest.verify_login(TC002_LoginTest.java:25)eveô testCases.TC002_LoginTest - Clicked on Login Link.
16:07:54.270 [main] testCases.TC002_LoginTest.verify_login(TC002_LoginTest.java:30)eveô testCases.TC002_LoginTest - Filling in login credentials....
16:07:54.578 [main] testCases.TC002_LoginTest.verify_login(TC002_LoginTest.java:36)eveô testCases.TC002_LoginTest - Validating expected message...
16:08:33.162 [main] org.testng.log4testng.Logger.debug(Logger.java:82)eveô org.testng.TestNG - suiteXmlPath: "C:\SeleniumWebdriver\opencart\grouping.xml"
16:08:33.487 [main] org.testng.log4testng.Logger.info(Logger.java:112)eveô org.testng.internal.Utils - [TestNG] Running:
  C:\SeleniumWebdriver\opencart\grouping.xml

16:08:37.010 [main] testCases.TC001_AccountRegistrationTest.verify_account_registration(TC001_AccountRegistrationTest.java:15)eveô testCases.TC001_AccountRegistrationTest - ***** Starting TC001_AccountRegistrationTest. *****
16:08:37.183 [main] testCases.TC001_AccountRegistrationTest.verify_account_registration(TC001_AccountRegistrationTest.java:21)eveô testCases.TC001_AccountRegistrationTest - Clicked on MyAccount Link.
16:08:38.058 [main] testCases.TC001_AccountRegistrationTest.verify_account_registration(TC001_AccountRegistrationTest.java:24)eveô testCases.TC001_AccountRegistrationTest - Clicked on Register Link.
16:08:38.059 [main] testCases.TC001_AccountRegistrationTest.verify_account_registration(TC001_AccountRegistrationTest.java:28)eveô testCases.TC001_AccountRegistrationTest - Providing customer's details...
16:08:38.710 [main] testCases.TC001_AccountRegistrationTest.verify_account_registration(TC001_AccountRegistrationTest.java:42)eveô testCases.TC001_AccountRegistrationTest - Validating expected message...
16:08:39.672 [main] testCases.TC001_AccountRegistrationTest.verify_account_registration(TC001_AccountRegistrationTest.java:71)eveô testCases.TC001_AccountRegistrationTest - ***** Finished TC001_AccountRegistrationTest
16:08:42.647 [main] testCases.TC002_LoginTest.verify_login(TC002_LoginTest.java:16)eveô testCases.TC002_LoginTest - ***** Starting TC002_LoginTest. *****
16:08:42.802 [main] testCases.TC002_LoginTest.verify_login(TC002_LoginTest.java:22)eveô testCases.TC002_LoginTest - Clicked on MyAccount Link.
16:08:43.276 [main] testCases.TC002_LoginTest.verify_login(TC002_LoginTest.java:25)eveô testCases.TC002_LoginTest - Clicked on Login Link.
16:08:43.277 [main] testCases.TC002_LoginTest.verify_login(TC002_LoginTest.java:30)eveô testCases.TC002_LoginTest - Filling in login credentials....
16:08:43.571 [main] testCases.TC002_LoginTest.verify_login(TC002_LoginTest.java:36)eveô testCases.TC002_LoginTest - Validating expected message...
16:14:33.894 [main] org.testng.log4testng.Logger.debug(Logger.java:82)eveô org.testng.TestNG - suiteXmlPath: "C:\SeleniumWebdriver\opencart\test-output\testng-failed.xml"
16:14:34.240 [main] org.testng.log4testng.Logger.info(Logger.java:112)eveô org.testng.internal.Utils - [TestNG] Running:
  C:\SeleniumWebdriver\opencart\test-output\testng-failed.xml

16:14:37.744 [main] testCases.TC002_LoginTest.verify_login(TC002_LoginTest.java:16)eveô testCases.TC002_LoginTest - ***** Starting TC002_LoginTest. *****
16:14:37.912 [main] testCases.TC002_LoginTest.verify_login(TC002_LoginTest.java:22)eveô testCases.TC002_LoginTest - Clicked on MyAccount Link.
16:14:38.327 [main] testCases.TC002_LoginTest.verify_login(TC002_LoginTest.java:25)eveô testCases.TC002_LoginTest - Clicked on Login Link.
16:14:38.328 [main] testCases.TC002_LoginTest.verify_login(TC002_LoginTest.java:30)eveô testCases.TC002_LoginTest - Filling in login credentials....
16:14:38.645 [main] testCases.TC002_LoginTest.verify_login(TC002_LoginTest.java:36)eveô testCases.TC002_LoginTest - Validating expected message...
21:49:00.962 [main] org.testng.log4testng.Logger.debug(Logger.java:82)eveô org.testng.TestNG - suiteXmlPath: "C:\SeleniumWebdriver\opencart\master.xml"
21:49:49.143 [main] org.testng.log4testng.Logger.debug(Logger.java:82)eveô org.testng.TestNG - suiteXmlPath: "C:\SeleniumWebdriver\opencart\master.xml"
21:49:49.585 [main] org.testng.log4testng.Logger.info(Logger.java:112)eveô org.testng.internal.Utils - [TestNG] Running:
  C:\SeleniumWebdriver\opencart\master.xml

21:49:50.137 [main] org.apache.poi.openxml4j.opc.PackageRelationshipCollection.parseRelationshipsPart(PackageRelationshipCollection.java:307)eveô org.apache.poi.openxml4j.opc.PackageRelationshipCollection - Parsing relationship: /xl/_rels/workbook.xml.rels
21:49:50.140 [main] org.apache.poi.openxml4j.opc.PackageRelationshipCollection.parseRelationshipsPart(PackageRelationshipCollection.java:307)eveô org.apache.poi.openxml4j.opc.PackageRelationshipCollection - Parsing relationship: /xl/worksheets/_rels/sheet1.xml.rels
21:49:50.142 [main] org.apache.poi.openxml4j.opc.PackageRelationshipCollection.parseRelationshipsPart(PackageRelationshipCollection.java:307)eveô org.apache.poi.openxml4j.opc.PackageRelationshipCollection - Parsing relationship: /_rels/.rels
21:49:50.692 [main] org.apache.poi.openxml4j.opc.PackageRelationshipCollection.parseRelationshipsPart(PackageRelationshipCollection.java:307)eveô org.apache.poi.openxml4j.opc.PackageRelationshipCollection - Parsing relationship: /xl/_rels/workbook.xml.rels
21:49:50.694 [main] org.apache.poi.openxml4j.opc.PackageRelationshipCollection.parseRelationshipsPart(PackageRelationshipCollection.java:307)eveô org.apache.poi.openxml4j.opc.PackageRelationshipCollection - Parsing relationship: /xl/worksheets/_rels/sheet1.xml.rels
21:49:50.696 [main] org.apache.poi.openxml4j.opc.PackageRelationshipCollection.parseRelationshipsPart(PackageRelationshipCollection.java:307)eveô org.apache.poi.openxml4j.opc.PackageRelationshipCollection - Parsing relationship: /_rels/.rels
21:49:50.734 [main] org.apache.poi.openxml4j.opc.PackageRelationshipCollection.parseRelationshipsPart(PackageRelationshipCollection.java:307)eveô org.apache.poi.openxml4j.opc.PackageRelationshipCollection - Parsing relationship: /xl/_rels/workbook.xml.rels
21:49:50.735 [main] org.apache.poi.openxml4j.opc.PackageRelationshipCollection.parseRelationshipsPart(PackageRelationshipCollection.java:307)eveô org.apache.poi.openxml4j.opc.PackageRelationshipCollection - Parsing relationship: /xl/worksheets/_rels/sheet1.xml.rels
21:49:50.737 [main] org.apache.poi.openxml4j.opc.PackageRelationshipCollection.parseRelationshipsPart(PackageRelationshipCollection.java:307)eveô org.apache.poi.openxml4j.opc.PackageRelationshipCollection - Parsing relationship: /_rels/.rels
21:49:50.776 [main] org.apache.poi.openxml4j.opc.PackageRelationshipCollection.parseRelationshipsPart(PackageRelationshipCollection.java:307)eveô org.apache.poi.openxml4j.opc.PackageRelationshipCollection - Parsing relationship: /xl/_rels/workbook.xml.rels
21:49:50.777 [main] org.apache.poi.openxml4j.opc.PackageRelationshipCollection.parseRelationshipsPart(PackageRelationshipCollection.java:307)eveô org.apache.poi.openxml4j.opc.PackageRelationshipCollection - Parsing relationship: /xl/worksheets/_rels/sheet1.xml.rels
21:49:50.779 [main] org.apache.poi.openxml4j.opc.PackageRelationshipCollection.parseRelationshipsPart(PackageRelationshipCollection.java:307)eveô org.apache.poi.openxml4j.opc.PackageRelationshipCollection - Parsing relationship: /_rels/.rels
21:49:50.806 [main] org.apache.poi.openxml4j.opc.PackageRelationshipCollection.parseRelationshipsPart(PackageRelationshipCollection.java:307)eveô org.apache.poi.openxml4j.opc.PackageRelationshipCollection - Parsing relationship: /xl/_rels/workbook.xml.rels
21:49:50.808 [main] org.apache.poi.openxml4j.opc.PackageRelationshipCollection.parseRelationshipsPart(PackageRelationshipCollection.java:307)eveô org.apache.poi.openxml4j.opc.PackageRelationshipCollection - Parsing relationship: /xl/worksheets/_rels/sheet1.xml.rels
21:49:50.809 [main] org.apache.poi.openxml4j.opc.PackageRelationshipCollection.parseRelationshipsPart(PackageRelationshipCollection.java:307)eveô org.apache.poi.openxml4j.opc.PackageRelationshipCollection - Parsing relationship: /_rels/.rels
21:49:50.837 [main] org.apache.poi.openxml4j.opc.PackageRelationshipCollection.parseRelationshipsPart(PackageRelationshipCollection.java:307)eveô org.apache.poi.openxml4j.opc.PackageRelationshipCollection - Parsing relationship: /xl/_rels/workbook.xml.rels
21:49:50.838 [main] org.apache.poi.openxml4j.opc.PackageRelationshipCollection.parseRelationshipsPart(PackageRelationshipCollection.java:307)eveô org.apache.poi.openxml4j.opc.PackageRelationshipCollection - Parsing relationship: /xl/worksheets/_rels/sheet1.xml.rels
21:49:50.840 [main] org.apache.poi.openxml4j.opc.PackageRelationshipCollection.parseRelationshipsPart(PackageRelationshipCollection.java:307)eveô org.apache.poi.openxml4j.opc.PackageRelationshipCollection - Parsing relationship: /_rels/.rels
21:49:50.867 [main] org.apache.poi.openxml4j.opc.PackageRelationshipCollection.parseRelationshipsPart(PackageRelationshipCollection.java:307)eveô org.apache.poi.openxml4j.opc.PackageRelationshipCollection - Parsing relationship: /xl/_rels/workbook.xml.rels
21:49:50.868 [main] org.apache.poi.openxml4j.opc.PackageRelationshipCollection.parseRelationshipsPart(PackageRelationshipCollection.java:307)eveô org.apache.poi.openxml4j.opc.PackageRelationshipCollection - Parsing relationship: /xl/worksheets/_rels/sheet1.xml.rels
21:49:50.869 [main] org.apache.poi.openxml4j.opc.PackageRelationshipCollection.parseRelationshipsPart(PackageRelationshipCollection.java:307)eveô org.apache.poi.openxml4j.opc.PackageRelationshipCollection - Parsing relationship: /_rels/.rels
21:49:50.898 [main] org.apache.poi.openxml4j.opc.PackageRelationshipCollection.parseRelationshipsPart(PackageRelationshipCollection.java:307)eveô org.apache.poi.openxml4j.opc.PackageRelationshipCollection - Parsing relationship: /xl/_rels/workbook.xml.rels
21:49:50.900 [main] org.apache.poi.openxml4j.opc.PackageRelationshipCollection.parseRelationshipsPart(PackageRelationshipCollection.java:307)eveô org.apache.poi.openxml4j.opc.PackageRelationshipCollection - Parsing relationship: /xl/worksheets/_rels/sheet1.xml.rels
21:49:50.902 [main] org.apache.poi.openxml4j.opc.PackageRelationshipCollection.parseRelationshipsPart(PackageRelationshipCollection.java:307)eveô org.apache.poi.openxml4j.opc.PackageRelationshipCollection - Parsing relationship: /_rels/.rels
21:49:50.923 [main] org.apache.poi.openxml4j.opc.PackageRelationshipCollection.parseRelationshipsPart(PackageRelationshipCollection.java:307)eveô org.apache.poi.openxml4j.opc.PackageRelationshipCollection - Parsing relationship: /xl/_rels/workbook.xml.rels
21:49:50.924 [main] org.apache.poi.openxml4j.opc.PackageRelationshipCollection.parseRelationshipsPart(PackageRelationshipCollection.java:307)eveô org.apache.poi.openxml4j.opc.PackageRelationshipCollection - Parsing relationship: /xl/worksheets/_rels/sheet1.xml.rels
21:49:50.925 [main] org.apache.poi.openxml4j.opc.PackageRelationshipCollection.parseRelationshipsPart(PackageRelationshipCollection.java:307)eveô org.apache.poi.openxml4j.opc.PackageRelationshipCollection - Parsing relationship: /_rels/.rels
21:49:50.942 [main] org.apache.poi.openxml4j.opc.PackageRelationshipCollection.parseRelationshipsPart(PackageRelationshipCollection.java:307)eveô org.apache.poi.openxml4j.opc.PackageRelationshipCollection - Parsing relationship: /xl/_rels/workbook.xml.rels
21:49:50.943 [main] org.apache.poi.openxml4j.opc.PackageRelationshipCollection.parseRelationshipsPart(PackageRelationshipCollection.java:307)eveô org.apache.poi.openxml4j.opc.PackageRelationshipCollection - Parsing relationship: /xl/worksheets/_rels/sheet1.xml.rels
21:49:50.944 [main] org.apache.poi.openxml4j.opc.PackageRelationshipCollection.parseRelationshipsPart(PackageRelationshipCollection.java:307)eveô org.apache.poi.openxml4j.opc.PackageRelationshipCollection - Parsing relationship: /_rels/.rels
21:49:50.963 [main] org.apache.poi.openxml4j.opc.PackageRelationshipCollection.parseRelationshipsPart(PackageRelationshipCollection.java:307)eveô org.apache.poi.openxml4j.opc.PackageRelationshipCollection - Parsing relationship: /xl/_rels/workbook.xml.rels
21:49:50.964 [main] org.apache.poi.openxml4j.opc.PackageRelationshipCollection.parseRelationshipsPart(PackageRelationshipCollection.java:307)eveô org.apache.poi.openxml4j.opc.PackageRelationshipCollection - Parsing relationship: /xl/worksheets/_rels/sheet1.xml.rels
21:49:50.965 [main] org.apache.poi.openxml4j.opc.PackageRelationshipCollection.parseRelationshipsPart(PackageRelationshipCollection.java:307)eveô org.apache.poi.openxml4j.opc.PackageRelationshipCollection - Parsing relationship: /_rels/.rels
21:49:50.989 [main] org.apache.poi.openxml4j.opc.PackageRelationshipCollection.parseRelationshipsPart(PackageRelationshipCollection.java:307)eveô org.apache.poi.openxml4j.opc.PackageRelationshipCollection - Parsing relationship: /xl/_rels/workbook.xml.rels
21:49:50.990 [main] org.apache.poi.openxml4j.opc.PackageRelationshipCollection.parseRelationshipsPart(PackageRelationshipCollection.java:307)eveô org.apache.poi.openxml4j.opc.PackageRelationshipCollection - Parsing relationship: /xl/worksheets/_rels/sheet1.xml.rels
21:49:50.991 [main] org.apache.poi.openxml4j.opc.PackageRelationshipCollection.parseRelationshipsPart(PackageRelationshipCollection.java:307)eveô org.apache.poi.openxml4j.opc.PackageRelationshipCollection - Parsing relationship: /_rels/.rels
21:49:51.011 [main] org.apache.poi.openxml4j.opc.PackageRelationshipCollection.parseRelationshipsPart(PackageRelationshipCollection.java:307)eveô org.apache.poi.openxml4j.opc.PackageRelationshipCollection - Parsing relationship: /xl/_rels/workbook.xml.rels
21:49:51.012 [main] org.apache.poi.openxml4j.opc.PackageRelationshipCollection.parseRelationshipsPart(PackageRelationshipCollection.java:307)eveô org.apache.poi.openxml4j.opc.PackageRelationshipCollection - Parsing relationship: /xl/worksheets/_rels/sheet1.xml.rels
21:49:51.013 [main] org.apache.poi.openxml4j.opc.PackageRelationshipCollection.parseRelationshipsPart(PackageRelationshipCollection.java:307)eveô org.apache.poi.openxml4j.opc.PackageRelationshipCollection - Parsing relationship: /_rels/.rels
21:49:51.033 [main] org.apache.poi.openxml4j.opc.PackageRelationshipCollection.parseRelationshipsPart(PackageRelationshipCollection.java:307)eveô org.apache.poi.openxml4j.opc.PackageRelationshipCollection - Parsing relationship: /xl/_rels/workbook.xml.rels
21:49:51.034 [main] org.apache.poi.openxml4j.opc.PackageRelationshipCollection.parseRelationshipsPart(PackageRelationshipCollection.java:307)eveô org.apache.poi.openxml4j.opc.PackageRelationshipCollection - Parsing relationship: /xl/worksheets/_rels/sheet1.xml.rels
